2026-04-07 15:48:18 | INFO | SYSTEM  | 训练任务开始 | run_dir=outputs/rhpe_boneage_multimodal_train_20260407_154816 | timer_source=ui | elapsed=00:00:03
2026-04-07 15:48:18 | INFO | SYSTEM  | Running mode: enhanced (default)
2026-04-07 15:48:18 | INFO | SYSTEM  | - SIMBA: partial
2026-04-07 15:48:18 | INFO | SYSTEM  | - BoNet: partial
2026-04-07 15:48:18 | INFO | SYSTEM  | Mode note: Engineering-enhanced multimodal framework.
2026-04-07 15:48:19 | INFO | SYSTEM  | 运行环境 | python=3.12.12 | packaged by Anaconda, Inc. | (main, Oct 21 2025, 20:16:04) [GCC 11.2.0] | executable=/home/lqw/anaconda3/envs/MyBysj/bin/python | platform=Linux-6.6.87.2-microsoft-standard-WSL2-x86_64-with-glibc2.39 | is_wsl=True | filesystem_encoding=utf-8 | preferred_encoding=UTF-8 | stdout_encoding=utf-8
2026-04-07 15:48:19 | INFO | SYSTEM  | 依赖版本 | torch=2.10.0+cu130 | torchvision=0.25.0+cu130 | torchaudio=2.10.0+cu130 | numpy=2.4.2 | pandas=3.0.0 | cuda_build=13.0 | torch_cuda_built=True | amp_available=True | compile_available=True | triton_available=True
2026-04-07 15:48:19 | INFO | SYSTEM  | 设备环境 | requested_device=cuda:0 | selected_device=cuda:0 | cuda_available=True | device_count=1 | gpus=['NVIDIA GeForce RTX 3060 Laptop GPU'] | nvidia_smi=driver=591.86 | gpus=['NVIDIA GeForce RTX 3060 Laptop GPU'] | device_nodes=['/dev/dxg'] | deterministic=False | cudnn_benchmark=True | tf32_matmul=True | tf32_cudnn=True | matmul_precision=high
2026-04-07 15:48:19 | INFO | SYSTEM  | 数据检查 | split=train | matched=5491 | missing_image=0 | missing_csv=0 | missing_roi=0 | duplicate_csv=0 | duplicate_image=0 | duplicate_roi=0 | unreadable=0
2026-04-07 15:48:19 | INFO | SYSTEM  | 数据检查 | split=val | matched=713 | missing_image=0 | missing_csv=0 | missing_roi=0 | duplicate_csv=0 | duplicate_image=0 | duplicate_roi=0 | unreadable=0
2026-04-07 15:48:19 | INFO | SYSTEM  | 数据检查 | split=test | matched=79 | missing_image=0 | missing_csv=0 | missing_roi=0 | duplicate_csv=0 | duplicate_image=0 | duplicate_roi=0 | unreadable=0
2026-04-07 15:48:19 | INFO | SYSTEM  | Image normalization | source=auto_train_stats(cache) | mean=0.58058435 | std=0.32301837 | cache=dataset/train_mean_std.json
2026-04-07 15:48:19 | INFO | SYSTEM  | 图像输入 | loader=cv2.IMREAD_GRAYSCALE | channels=1
2026-04-07 15:48:19 | INFO | SYSTEM  | 数据摘要 | split=train | matched=5491 | used=5491 | csv_columns=['ID', 'Male', 'Boneage', 'Chronological'] | sex_field=Male | chronological_field=Chronological | boneage_field=Boneage | image_ext=['.png'] | missing_target_in_used=0 | chronological_range={'min': 10.0, 'max': 242.0} | boneage_range={'min': 12.0, 'max': 228.0}
2026-04-07 15:48:19 | INFO | SYSTEM  | 数据摘要 | split=val | matched=713 | used=713 | csv_columns=['ID', 'Male', 'Boneage', 'Chronological'] | sex_field=Male | chronological_field=Chronological | boneage_field=Boneage | image_ext=['.png'] | missing_target_in_used=0 | chronological_range={'min': 11.0, 'max': 265.0} | boneage_range={'min': 12.0, 'max': 228.0}
2026-04-07 15:48:19 | INFO | SYSTEM  | 数据摘要 | split=test | matched=79 | used=79 | csv_columns=['ID', 'Male', 'Chronological'] | sex_field=Male | chronological_field=Chronological | boneage_field=None | image_ext=['.png'] | missing_target_in_used=79 | chronological_range={'min': 29.0, 'max': 201.0} | boneage_range=None
2026-04-07 15:48:19 | INFO | SYSTEM  | CONFIG SUMMARY:
2026-04-07 15:48:19 | INFO | SYSTEM  | - model type: EnsembleBoneAgeModel(resnet18 + efficientnet_b0)
2026-04-07 15:48:19 | INFO | SYSTEM  | - metadata mode: mlp
2026-04-07 15:48:19 | INFO | SYSTEM  | - structure switches: ensemble=ensemble | branch=global_local | local_mode=patch_heatmap | target=relative | metadata=True(mlp) | heatmap_guidance=True | cbam=True[g=True,l=True]
2026-04-07 15:48:19 | INFO | SYSTEM  | - backbones: resnet=resnet18 | efficientnet=efficientnet_b0 | pretrained=False
2026-04-07 15:48:19 | INFO | SYSTEM  | - input modalities: grayscale_global_image, global_roi_heatmap, local_patches, local_heatmaps, roi_geometry_vector, male, chronological
2026-04-07 15:48:19 | INFO | SYSTEM  | - target type: relative_age = Boneage - Chronological -> final_boneage = Chronological + predicted_relative_age
2026-04-07 15:48:19 | INFO | SYSTEM  | - data strategy: input_size=384 | local_patch=96 | crop=bbox | crop_margin=0.0800 | sigma_ratio=0.0350 | sigma_min=8.00
2026-04-07 15:48:19 | INFO | SYSTEM  | - optimization: epochs=1 | batch=8 | grad_accum=1 | optimizer=adamw | lr=0.00025 | weight_decay=0.0005 | scheduler=cosine[factor=0.500,patience=2] | warmup_epochs=3 | amp=True | compile=True(mode=reduce-overhead) | loss=smoothl1(beta=0.5) | best_metric=mae
2026-04-07 15:48:19 | INFO | SYSTEM  | - augmentation: affine_p=0.65 | flip=False(p=0.50) | noise=False(p=0.12) | blur=False(p=0.08)
2026-04-07 15:48:19 | INFO | SYSTEM  | - dataset size: {'train': 5491, 'val': 713, 'test': 79}
2026-04-07 15:48:19 | INFO | SYSTEM  | - device: cuda:0
2026-04-07 15:48:19 | INFO | SYSTEM  | - image normalization: source=auto_train_stats(cache) mean=0.58058435 std=0.32301837
2026-04-07 15:48:19 | INFO | SYSTEM  | DataLoader | num_workers=2 | pin_memory=True | persistent_workers=True | prefetch_factor=2
2026-04-07 15:48:20 | INFO | SYSTEM  | 设备自检 | model_device=cuda:0 | probe_device=cuda:0 | current_device=0 | name=NVIDIA GeForce RTX 3060 Laptop GPU | total_memory_mb=6143 | allocated_mb=72.5 | reserved_mb=104.0
2026-04-07 15:48:20 | INFO | SYSTEM  | torch.compile requested: True
2026-04-07 15:48:20 | INFO | SYSTEM  | torch.compile available: True
2026-04-07 15:48:20 | WARNING | SYSTEM  | torch.compile: 检测到双-backbone ensemble，已自动禁用 CUDAGraphs，以规避顺序分支前向时的输出覆盖问题。
2026-04-07 15:48:20 | INFO | SYSTEM  | torch.compile actually used: True
2026-04-07 15:48:20 | INFO | SYSTEM  | torch.compile details: mode=reduce-overhead | cudagraphs=False | disabled_features=triton.cudagraphs | safety_downgrade=True | options_override=True
2026-04-07 15:48:20 | INFO | SYSTEM  | Effective params | mode=enhanced | device=cuda:0 | epochs=1 | batch_size=8 | effective_batch_size=8 | optimizer=adamw | lr=0.00025 | weight_decay=0.0005 | scheduler=cosine[factor=0.500,patience=2] | warmup_epochs=0 | amp=True->True | compile=True/True/True(mode=reduce-overhead) | channels_last=True | eval_interval=1 | early_stopping_patience=8 | num_workers=2 | pin_memory=True | persistent_workers=True | prefetch_factor=2 | verify_images=False | ensemble=ensemble | branch=global_local | local_mode=patch_heatmap | metadata=True(mlp) | heatmap_guidance=True | cbam=True[g=True,l=True] | input_size=384 | local_patch_size=96 | crop=bbox(margin=0.080) | sigma=(0.0350,8.00) | target_type=relative_age = Boneage - Chronological -> final_boneage = Chronological + predicted_relative_age | normalization=(0.58058435,0.32301837,auto_train_stats(cache)) | dataset_sizes={'train': 5491, 'val': 713, 'test': 79}
2026-04-07 15:48:20 | INFO | SYSTEM  | Compile status | requested=True | available=True | used=True | mode=reduce-overhead | reason=n/a | cudagraphs=False | disabled_features=triton.cudagraphs | safety_downgrade=True | options_override=True
2026-04-07 15:48:20 | INFO | SYSTEM  | ============================================================================================================
2026-04-07 15:48:20 | INFO | SYSTEM  | Epoch 1/1 started
2026-04-07 15:48:20 | INFO | SYSTEM  | Hyperparams | lr=0.00025 | train_batch_size=8 | effective_train_batch_size=8 | val_batch_size=8 | test_batch_size=8 | optimizer=adamw | scheduler=cosine | weight_decay=0.0005 | loss=smoothl1(beta=0.5) | device=cuda:0 | amp=True | grad_accum=1 | grad_clip=1.0
2026-04-07 15:48:20 | INFO | TRAIN   | Phase started | scope=1/1 | batches=687 | batch_size=8 | lr=0.00025 | device=cuda:0 | amp=True | grad_accum=1 | channels_last=True
2026-04-07 15:48:20 | INFO | TRAIN   | 正在等待首个 batch | scope=1/1 | 首次可能因数据预处理、DataLoader worker 启动和 torch.compile 预热而偏慢。
2026-04-07 15:48:22 | INFO | TRAIN   | 首个 batch 已就绪 | phase=train | epoch=1 | wait_seconds=2.18
2026-04-07 15:48:22 | INFO | TRAIN   | 首个 batch | phase=train | epoch=1 | model_device=cuda:0 | global_image=cuda:0 | local_images=cuda:0 | global_heatmap=cuda:0 | roi_vector=cuda:0
2026-04-07 15:55:47 | INFO | TRAIN   | Phase finished | scope=1/1 | loss=0.5524 | final_mae=9.9578 | final_mad=7.8584 | relative_mae=9.9578 | relative_mad=7.8584 | phase_time=486.41s | data_time=166.77s | transfer_time=0.19s | compute_time=319.43s | samples_per_sec=11.29 | avg_batch_time=0.47s | min_batch_time=0.09s | max_batch_time=134.73s | gpu_peak_alloc=1834.5MB | gpu_peak_reserved=2202.0MB | optimizer_steps=687
2026-04-07 15:55:47 | INFO | EVAL    | Phase started | scope=1/1 | batches=90 | batch_size=8 | lr=0.00025 | device=cuda:0 | amp=True | grad_accum=1 | channels_last=True
2026-04-07 15:55:47 | INFO | EVAL    | 正在等待首个 batch | scope=1/1 | 首次可能因数据预处理、DataLoader worker 启动和 torch.compile 预热而偏慢。
2026-04-07 15:55:48 | INFO | EVAL    | 首个 batch 已就绪 | phase=eval | epoch=1 | wait_seconds=1.43
2026-04-07 15:55:48 | INFO | EVAL    | 首个 batch | phase=eval | epoch=1 | model_device=cuda:0 | global_image=cuda:0 | local_images=cuda:0 | global_heatmap=cuda:0 | roi_vector=cuda:0
2026-04-07 15:57:16 | INFO | EVAL    | Phase finished | scope=1/1 | loss=0.5871 | final_mae=10.4656 | final_mad=8.2324 | relative_mae=10.4656 | relative_mad=8.2324 | phase_time=96.02s | data_time=25.26s | transfer_time=0.03s | compute_time=70.72s | samples_per_sec=7.43 | avg_batch_time=0.79s | min_batch_time=0.03s | max_batch_time=36.60s | gpu_peak_alloc=373.5MB | gpu_peak_reserved=574.0MB | optimizer_steps=0
2026-04-07 15:57:16 | INFO | SYSTEM  | Learning rate updated | epoch=1/1 | scheduler=cosine | from=0.00025 | to=5e-06
2026-04-07 15:57:16 | INFO | SYSTEM  | Best model updated | epoch=1/1 | metric=mae | value=10.4656 | path=outputs/rhpe_boneage_multimodal_train_20260407_154816/model/best_model.pt
2026-04-07 15:57:17 | INFO | SYSTEM  | Checkpoint saved | kind=last | epoch=1/1 | path=outputs/rhpe_boneage_multimodal_train_20260407_154816/model/last_checkpoint.pt
2026-04-07 15:57:17 | INFO | SYSTEM  | Epoch 1/1 finished | train_time=486.41s | eval_time=96.02s | epoch_total_time=584.11s | train_data_time=166.77s | eval_data_time=25.26s | train_transfer_time=0.19s | eval_transfer_time=0.03s | train_compute_time=319.43s | eval_compute_time=70.72s | train_samples_per_sec=11.29 | eval_samples_per_sec=7.43 | train_gpu_peak_alloc=1834.5MB | eval_gpu_peak_alloc=373.5MB | train_gpu_peak_reserved=2202.0MB | eval_gpu_peak_reserved=574.0MB | train_avg_batch_time=0.47s | eval_avg_batch_time=0.79s | train_fastest_batch=0.09s | train_slowest_batch=134.73s | eval_fastest_batch=0.03s | eval_slowest_batch=36.60s
2026-04-07 15:57:17 | INFO | SYSTEM  | Epoch 1/1 metrics | train_loss=0.5524 | val_loss=0.5871 | train_final_mae=9.9578 | val_final_mae=10.4656 | train_relative_mae=9.9578 | val_relative_mae=10.4656 | train_final_mad=7.8584 | val_final_mad=8.2324 | lr_start=0.00025 | lr_end=5e-06 | epoch_time=00:09:44 | total_elapsed=00:09:50 | best_updated=True
2026-04-07 15:57:18 | INFO | SYSTEM  | 开始加载最佳 checkpoint 并执行最终验证。
2026-04-07 15:57:18 | INFO | EVAL    | Phase started | scope=best-val | batches=90 | batch_size=8 | lr=5e-06 | device=cuda:0 | amp=True | grad_accum=1 | channels_last=True
2026-04-07 15:57:18 | INFO | EVAL    | 正在等待首个 batch | scope=best-val | 首次可能因数据预处理、DataLoader worker 启动和 torch.compile 预热而偏慢。
2026-04-07 15:57:19 | INFO | EVAL    | 首个 batch 已就绪 | phase=eval | epoch=None | wait_seconds=1.37
2026-04-07 15:57:45 | INFO | EVAL    | Phase finished | scope=best-val | loss=0.5871 | final_mae=10.4656 | final_mad=8.2324 | relative_mae=10.4656 | relative_mad=8.2324 | phase_time=29.50s | data_time=24.70s | transfer_time=0.02s | compute_time=4.78s | samples_per_sec=24.17 | avg_batch_time=0.05s | min_batch_time=0.02s | max_batch_time=0.18s | gpu_peak_alloc=371.7MB | gpu_peak_reserved=494.0MB | optimizer_steps=0
2026-04-07 15:57:45 | INFO | SYSTEM  | 开始执行 test 集评估。
2026-04-07 15:57:45 | INFO | EVAL    | Phase started | scope=test | batches=10 | batch_size=8 | lr=5e-06 | device=cuda:0 | amp=True | grad_accum=1 | channels_last=True
2026-04-07 15:57:45 | INFO | EVAL    | 正在等待首个 batch | scope=test | 首次可能因数据预处理、DataLoader worker 启动和 torch.compile 预热而偏慢。
2026-04-07 15:57:46 | INFO | EVAL    | 首个 batch 已就绪 | phase=eval | epoch=None | wait_seconds=1.63
2026-04-07 15:57:54 | INFO | EVAL    | Phase finished | scope=test | loss=n/a | final_mae=n/a | final_mad=n/a | relative_mae=n/a | relative_mad=n/a | phase_time=9.56s | data_time=3.80s | transfer_time=0.00s | compute_time=5.75s | samples_per_sec=8.27 | avg_batch_time=0.58s | min_batch_time=0.03s | max_batch_time=5.21s | gpu_peak_alloc=877.9MB | gpu_peak_reserved=1048.0MB | optimizer_steps=0
2026-04-07 15:57:54 | INFO | SYSTEM  | 开始生成训练报告文件。
2026-04-07 15:57:58 | INFO | SYSTEM  | 训练报告生成完成。
2026-04-07 15:57:58 | INFO | SYSTEM  | 训练任务完成 | total_elapsed=00:10:33 | run_dir=outputs/rhpe_boneage_multimodal_train_20260407_154816 | best_checkpoint=outputs/rhpe_boneage_multimodal_train_20260407_154816/model/best_model.pt | last_checkpoint=outputs/rhpe_boneage_multimodal_train_20260407_154816/model/last_checkpoint.pt
