2026-04-07 15:24:40 | INFO | SYSTEM  | 训练任务开始 | run_dir=outputs/timer_verify_cpu_train_20260407_152440 | timer_source=runner | elapsed=00:00:00
2026-04-07 15:24:40 | INFO | SYSTEM  | Running mode: enhanced (default)
2026-04-07 15:24:40 | INFO | SYSTEM  | - SIMBA: partial
2026-04-07 15:24:40 | INFO | SYSTEM  | - BoNet: partial
2026-04-07 15:24:40 | INFO | SYSTEM  | Mode note: Engineering-enhanced multimodal framework.
2026-04-07 15:24:40 | INFO | SYSTEM  | 运行环境 | python=3.12.12 | packaged by Anaconda, Inc. | (main, Oct 21 2025, 20:16:04) [GCC 11.2.0] | executable=/home/lqw/anaconda3/envs/MyBysj/bin/python | platform=Linux-6.6.87.2-microsoft-standard-WSL2-x86_64-with-glibc2.39 | is_wsl=True | filesystem_encoding=utf-8 | preferred_encoding=UTF-8 | stdout_encoding=utf-8
2026-04-07 15:24:40 | INFO | SYSTEM  | 依赖版本 | torch=2.10.0+cu130 | torchvision=0.25.0+cu130 | torchaudio=2.10.0+cu130 | numpy=2.4.2 | pandas=3.0.0 | cuda_build=13.0 | torch_cuda_built=True | amp_available=True | compile_available=True | triton_available=False
2026-04-07 15:24:40 | INFO | SYSTEM  | 设备环境 | requested_device=cpu | selected_device=cpu | cuda_available=False | device_count=0 | gpus=[] | nvidia_smi=Failed to initialize NVML: GPU access blocked by the operating system Failed to properly shut down NVML: GPU access blocked by the operating system | device_nodes=[] | deterministic=False | cudnn_benchmark=False | tf32_matmul=False | tf32_cudnn=False | matmul_precision=default
2026-04-07 15:24:40 | WARNING | SYSTEM  | CUDA 诊断 | 当前会话未检测到可供 torch 使用的 NVIDIA 驱动或设备。
2026-04-07 15:24:41 | INFO | SYSTEM  | 数据检查 | split=train | matched=5491 | missing_image=0 | missing_csv=0 | missing_roi=0 | duplicate_csv=0 | duplicate_image=0 | duplicate_roi=0 | unreadable=0
2026-04-07 15:24:41 | INFO | SYSTEM  | 数据检查 | split=val | matched=713 | missing_image=0 | missing_csv=0 | missing_roi=0 | duplicate_csv=0 | duplicate_image=0 | duplicate_roi=0 | unreadable=0
2026-04-07 15:24:41 | INFO | SYSTEM  | 数据检查 | split=test | matched=79 | missing_image=0 | missing_csv=0 | missing_roi=0 | duplicate_csv=0 | duplicate_image=0 | duplicate_roi=0 | unreadable=0
2026-04-07 15:24:41 | INFO | SYSTEM  | Image normalization | source=auto_train_stats(cache) | mean=0.58058435 | std=0.32301837 | cache=dataset/train_mean_std.json
2026-04-07 15:24:41 | INFO | SYSTEM  | 图像输入 | loader=cv2.IMREAD_GRAYSCALE | channels=1
2026-04-07 15:24:41 | INFO | SYSTEM  | 数据摘要 | split=train | matched=5491 | used=16 | csv_columns=['ID', 'Male', 'Boneage', 'Chronological'] | sex_field=Male | chronological_field=Chronological | boneage_field=Boneage | image_ext=['.png'] | missing_target_in_used=0 | chronological_range={'min': 10.0, 'max': 242.0} | boneage_range={'min': 12.0, 'max': 228.0}
2026-04-07 15:24:41 | INFO | SYSTEM  | 数据摘要 | split=val | matched=713 | used=8 | csv_columns=['ID', 'Male', 'Boneage', 'Chronological'] | sex_field=Male | chronological_field=Chronological | boneage_field=Boneage | image_ext=['.png'] | missing_target_in_used=0 | chronological_range={'min': 11.0, 'max': 265.0} | boneage_range={'min': 12.0, 'max': 228.0}
2026-04-07 15:24:41 | INFO | SYSTEM  | 数据摘要 | split=test | matched=79 | used=8 | csv_columns=['ID', 'Male', 'Chronological'] | sex_field=Male | chronological_field=Chronological | boneage_field=None | image_ext=['.png'] | missing_target_in_used=8 | chronological_range={'min': 29.0, 'max': 201.0} | boneage_range=None
2026-04-07 15:24:41 | INFO | SYSTEM  | CONFIG SUMMARY:
2026-04-07 15:24:41 | INFO | SYSTEM  | - model type: EnsembleBoneAgeModel(resnet18 + efficientnet_b0)
2026-04-07 15:24:41 | INFO | SYSTEM  | - metadata mode: mlp
2026-04-07 15:24:41 | INFO | SYSTEM  | - structure switches: ensemble=ensemble | branch=global_local | local_mode=patch_heatmap | target=relative | metadata=True(mlp) | heatmap_guidance=True | cbam=True[g=True,l=True]
2026-04-07 15:24:41 | INFO | SYSTEM  | - backbones: resnet=resnet18 | efficientnet=efficientnet_b0 | pretrained=False
2026-04-07 15:24:41 | INFO | SYSTEM  | - input modalities: grayscale_global_image, global_roi_heatmap, local_patches, local_heatmaps, roi_geometry_vector, male, chronological
2026-04-07 15:24:41 | INFO | SYSTEM  | - target type: relative_age = Boneage - Chronological -> final_boneage = Chronological + predicted_relative_age
2026-04-07 15:24:41 | INFO | SYSTEM  | - data strategy: input_size=384 | local_patch=96 | crop=bbox | crop_margin=0.0800 | sigma_ratio=0.0350 | sigma_min=8.00
2026-04-07 15:24:41 | INFO | SYSTEM  | - optimization: epochs=1 | batch=4 | grad_accum=1 | optimizer=adamw | lr=0.00025 | weight_decay=0.0005 | scheduler=cosine[factor=0.500,patience=2] | warmup_epochs=3 | amp=False | compile=False(mode=reduce-overhead) | loss=smoothl1(beta=0.5) | best_metric=mae
2026-04-07 15:24:41 | INFO | SYSTEM  | - augmentation: affine_p=0.65 | flip=False(p=0.50) | noise=False(p=0.12) | blur=False(p=0.08)
2026-04-07 15:24:41 | INFO | SYSTEM  | - dataset size: {'train': 16, 'val': 8, 'test': 8}
2026-04-07 15:24:41 | INFO | SYSTEM  | - device: cpu
2026-04-07 15:24:41 | INFO | SYSTEM  | - image normalization: source=auto_train_stats(cache) mean=0.58058435 std=0.32301837
2026-04-07 15:24:41 | INFO | SYSTEM  | DataLoader | num_workers=0 | pin_memory=False | persistent_workers=False | prefetch_factor=None
2026-04-07 15:24:41 | INFO | SYSTEM  | 设备自检 | model_device=cpu | selected_device=cpu
2026-04-07 15:24:41 | INFO | SYSTEM  | torch.compile requested: False
2026-04-07 15:24:41 | INFO | SYSTEM  | torch.compile available: True
2026-04-07 15:24:41 | INFO | SYSTEM  | torch.compile actually used: False
2026-04-07 15:24:41 | INFO | SYSTEM  | torch.compile reason: disabled by config
2026-04-07 15:24:41 | INFO | SYSTEM  | Effective params | mode=enhanced | device=cpu | epochs=1 | batch_size=4 | effective_batch_size=4 | optimizer=adamw | lr=0.00025 | weight_decay=0.0005 | scheduler=cosine[factor=0.500,patience=2] | warmup_epochs=0 | amp=False->False | compile=False/True/False(mode=reduce-overhead) | channels_last=False | eval_interval=1 | early_stopping_patience=8 | num_workers=0 | pin_memory=False | persistent_workers=False | prefetch_factor=None | verify_images=False | ensemble=ensemble | branch=global_local | local_mode=patch_heatmap | metadata=True(mlp) | heatmap_guidance=True | cbam=True[g=True,l=True] | input_size=384 | local_patch_size=96 | crop=bbox(margin=0.080) | sigma=(0.0350,8.00) | target_type=relative_age = Boneage - Chronological -> final_boneage = Chronological + predicted_relative_age | normalization=(0.58058435,0.32301837,auto_train_stats(cache)) | dataset_sizes={'train': 16, 'val': 8, 'test': 8}
2026-04-07 15:24:41 | INFO | SYSTEM  | Compile status | requested=False | available=True | used=False | reason=disabled by config | cudagraphs=None
2026-04-07 15:24:41 | INFO | SYSTEM  | ============================================================================================================
2026-04-07 15:24:41 | INFO | SYSTEM  | Epoch 1/1 started
2026-04-07 15:24:41 | INFO | SYSTEM  | Hyperparams | lr=0.00025 | train_batch_size=4 | effective_train_batch_size=4 | val_batch_size=4 | test_batch_size=4 | optimizer=adamw | scheduler=cosine | weight_decay=0.0005 | loss=smoothl1(beta=0.5) | device=cpu | amp=False | grad_accum=1 | grad_clip=1.0
2026-04-07 15:24:41 | INFO | TRAIN   | Phase started | scope=1/1 | batches=4 | batch_size=4 | lr=0.00025 | device=cpu | amp=False | grad_accum=1 | channels_last=False
2026-04-07 15:24:41 | INFO | TRAIN   | 正在等待首个 batch | scope=1/1 | 首次可能因数据预处理、DataLoader worker 启动和 torch.compile 预热而偏慢。
2026-04-07 15:24:41 | INFO | TRAIN   | 首个 batch 已就绪 | phase=train | epoch=1 | wait_seconds=0.26
2026-04-07 15:24:41 | INFO | TRAIN   | 首个 batch | phase=train | epoch=1 | model_device=cpu | global_image=cpu | local_images=cpu | global_heatmap=cpu | roi_vector=cpu
2026-04-07 15:24:53 | INFO | TRAIN   | Phase finished | scope=1/1 | loss=0.5813 | final_mae=4.1414 | final_mad=3.7359 | relative_mae=4.1414 | relative_mad=3.7359 | phase_time=14.09s | data_time=0.79s | transfer_time=0.00s | compute_time=13.30s | samples_per_sec=1.14 | avg_batch_time=3.32s | min_batch_time=2.80s | max_batch_time=4.38s | gpu_peak_alloc=n/a | gpu_peak_reserved=n/a | optimizer_steps=4
2026-04-07 15:24:53 | INFO | EVAL    | Phase started | scope=1/1 | batches=2 | batch_size=4 | lr=0.00025 | device=cpu | amp=False | grad_accum=1 | channels_last=False
2026-04-07 15:24:53 | INFO | EVAL    | 正在等待首个 batch | scope=1/1 | 首次可能因数据预处理、DataLoader worker 启动和 torch.compile 预热而偏慢。
2026-04-07 15:24:53 | INFO | EVAL    | 首个 batch 已就绪 | phase=eval | epoch=1 | wait_seconds=0.16
2026-04-07 15:24:53 | INFO | EVAL    | 首个 batch | phase=eval | epoch=1 | model_device=cpu | global_image=cpu | local_images=cpu | global_heatmap=cpu | roi_vector=cpu
2026-04-07 15:24:55 | INFO | EVAL    | Phase finished | scope=1/1 | loss=0.7343 | final_mae=5.0221 | final_mad=5.6264 | relative_mae=5.0221 | relative_mad=5.6264 | phase_time=2.11s | data_time=0.36s | transfer_time=0.00s | compute_time=1.74s | samples_per_sec=3.80 | avg_batch_time=0.87s | min_batch_time=0.76s | max_batch_time=0.98s | gpu_peak_alloc=n/a | gpu_peak_reserved=n/a | optimizer_steps=0
2026-04-07 15:24:55 | INFO | SYSTEM  | Learning rate updated | epoch=1/1 | scheduler=cosine | from=0.00025 | to=5e-06
2026-04-07 15:24:55 | INFO | SYSTEM  | Best model updated | epoch=1/1 | metric=mae | value=5.0221 | path=outputs/timer_verify_cpu_train_20260407_152440/model/best_model.pt
2026-04-07 15:24:55 | INFO | SYSTEM  | Checkpoint saved | kind=last | epoch=1/1 | path=outputs/timer_verify_cpu_train_20260407_152440/model/last_checkpoint.pt
2026-04-07 15:24:55 | INFO | SYSTEM  | Epoch 1/1 finished | train_time=14.09s | eval_time=2.11s | epoch_total_time=16.79s | train_data_time=0.79s | eval_data_time=0.36s | train_transfer_time=0.00s | eval_transfer_time=0.00s | train_compute_time=13.30s | eval_compute_time=1.74s | train_samples_per_sec=1.14 | eval_samples_per_sec=3.80 | train_gpu_peak_alloc=n/a | eval_gpu_peak_alloc=n/a | train_gpu_peak_reserved=n/a | eval_gpu_peak_reserved=n/a | train_avg_batch_time=3.32s | eval_avg_batch_time=0.87s | train_fastest_batch=2.80s | train_slowest_batch=4.38s | eval_fastest_batch=0.76s | eval_slowest_batch=0.98s
2026-04-07 15:24:55 | INFO | SYSTEM  | Epoch 1/1 metrics | train_loss=0.5813 | val_loss=0.7343 | train_final_mae=4.1414 | val_final_mae=5.0221 | train_relative_mae=4.1414 | val_relative_mae=5.0221 | train_final_mad=3.7359 | val_final_mad=5.6264 | lr_start=0.00025 | lr_end=5e-06 | epoch_time=00:00:16 | total_elapsed=00:00:17 | best_updated=True
2026-04-07 15:24:56 | INFO | SYSTEM  | 开始加载最佳 checkpoint 并执行最终验证。
2026-04-07 15:24:56 | INFO | EVAL    | Phase started | scope=best-val | batches=2 | batch_size=4 | lr=5e-06 | device=cpu | amp=False | grad_accum=1 | channels_last=False
2026-04-07 15:24:56 | INFO | EVAL    | 正在等待首个 batch | scope=best-val | 首次可能因数据预处理、DataLoader worker 启动和 torch.compile 预热而偏慢。
2026-04-07 15:24:56 | INFO | EVAL    | 首个 batch 已就绪 | phase=eval | epoch=None | wait_seconds=0.17
2026-04-07 15:24:58 | INFO | EVAL    | Phase finished | scope=best-val | loss=0.7343 | final_mae=5.0221 | final_mad=5.6264 | relative_mae=5.0221 | relative_mad=5.6264 | phase_time=1.98s | data_time=0.35s | transfer_time=0.00s | compute_time=1.64s | samples_per_sec=4.03 | avg_batch_time=0.82s | min_batch_time=0.74s | max_batch_time=0.89s | gpu_peak_alloc=n/a | gpu_peak_reserved=n/a | optimizer_steps=0
2026-04-07 15:24:58 | INFO | SYSTEM  | 开始执行 test 集评估。
2026-04-07 15:24:58 | INFO | EVAL    | Phase started | scope=test | batches=2 | batch_size=4 | lr=5e-06 | device=cpu | amp=False | grad_accum=1 | channels_last=False
2026-04-07 15:24:58 | INFO | EVAL    | 正在等待首个 batch | scope=test | 首次可能因数据预处理、DataLoader worker 启动和 torch.compile 预热而偏慢。
2026-04-07 15:24:58 | INFO | EVAL    | 首个 batch 已就绪 | phase=eval | epoch=None | wait_seconds=0.20
2026-04-07 15:25:00 | INFO | EVAL    | Phase finished | scope=test | loss=n/a | final_mae=n/a | final_mad=n/a | relative_mae=n/a | relative_mad=n/a | phase_time=2.14s | data_time=0.40s | transfer_time=0.00s | compute_time=1.74s | samples_per_sec=3.74 | avg_batch_time=0.87s | min_batch_time=0.86s | max_batch_time=0.88s | gpu_peak_alloc=n/a | gpu_peak_reserved=n/a | optimizer_steps=0
2026-04-07 15:25:00 | INFO | SYSTEM  | 开始生成训练报告文件。
2026-04-07 15:25:03 | INFO | SYSTEM  | 训练报告生成完成。
2026-04-07 15:25:03 | INFO | SYSTEM  | 训练任务完成 | total_elapsed=00:00:25 | run_dir=outputs/timer_verify_cpu_train_20260407_152440 | best_checkpoint=outputs/timer_verify_cpu_train_20260407_152440/model/best_model.pt | last_checkpoint=outputs/timer_verify_cpu_train_20260407_152440/model/last_checkpoint.pt
