2026-04-12 11:00:03 | INFO | SYSTEM  | 训练任务开始 | run_dir=outputs/quality-5_train_20260412_110001 | timer_source=ui | elapsed=00:00:04
2026-04-12 11:00:03 | INFO | SYSTEM  | 训练模式 | mode=fresh | checkpoint=n/a
2026-04-12 11:00:03 | INFO | SYSTEM  | Running mode: enhanced (default)
2026-04-12 11:00:03 | INFO | SYSTEM  | - SIMBA: partial
2026-04-12 11:00:03 | INFO | SYSTEM  | - BoNet: partial
2026-04-12 11:00:03 | INFO | SYSTEM  | Mode note: Engineering-enhanced multimodal framework.
2026-04-12 11:00:03 | INFO | SYSTEM  | 运行环境 | python=3.12.12 | packaged by Anaconda, Inc. | (main, Oct 21 2025, 20:16:04) [GCC 11.2.0] | executable=/home/lqw/anaconda3/envs/MyBysj/bin/python | platform=Linux-6.6.87.2-microsoft-standard-WSL2-x86_64-with-glibc2.39 | is_wsl=True | filesystem_encoding=utf-8 | preferred_encoding=UTF-8 | stdout_encoding=utf-8
2026-04-12 11:00:03 | INFO | SYSTEM  | 依赖版本 | torch=2.10.0+cu130 | torchvision=0.25.0+cu130 | torchaudio=2.10.0+cu130 | numpy=2.4.2 | pandas=3.0.0 | cuda_build=13.0 | torch_cuda_built=True | amp_available=True | compile_available=True | triton_available=True
2026-04-12 11:00:03 | INFO | SYSTEM  | 设备环境 | requested_device=cuda:0 | selected_device=cuda:0 | cuda_available=True | device_count=1 | gpus=['NVIDIA GeForce RTX 3060 Laptop GPU'] | nvidia_smi=driver=591.86 | gpus=['NVIDIA GeForce RTX 3060 Laptop GPU'] | device_nodes=['/dev/dxg'] | deterministic=False | cudnn_benchmark=True | tf32_matmul=True | tf32_cudnn=True | matmul_precision=high
2026-04-12 11:00:04 | INFO | SYSTEM  | 数据检查 | split=train | matched=5491 | missing_image=0 | missing_csv=0 | missing_roi=0 | duplicate_csv=0 | duplicate_image=0 | duplicate_roi=0 | unreadable=0
2026-04-12 11:00:04 | INFO | SYSTEM  | 数据检查 | split=val | matched=713 | missing_image=0 | missing_csv=0 | missing_roi=0 | duplicate_csv=0 | duplicate_image=0 | duplicate_roi=0 | unreadable=0
2026-04-12 11:00:04 | INFO | SYSTEM  | 数据检查 | split=test | matched=79 | missing_image=0 | missing_csv=0 | missing_roi=0 | duplicate_csv=0 | duplicate_image=0 | duplicate_roi=0 | unreadable=0
2026-04-12 11:00:04 | INFO | SYSTEM  | Image normalization | source=auto_train_stats(cache) | mean=0.58058435 | std=0.32301837 | cache=dataset/train_mean_std.json
2026-04-12 11:00:04 | INFO | SYSTEM  | 图像输入 | loader=cv2.IMREAD_GRAYSCALE | channels=1
2026-04-12 11:00:04 | INFO | SYSTEM  | 数据摘要 | split=train | matched=5491 | used=5491 | csv_columns=['ID', 'Male', 'Boneage', 'Chronological'] | sex_field=Male | chronological_field=Chronological | boneage_field=Boneage | image_ext=['.png'] | missing_target_in_used=0 | chronological_range={'min': 10.0, 'max': 242.0} | boneage_range={'min': 12.0, 'max': 228.0}
2026-04-12 11:00:04 | INFO | SYSTEM  | 数据摘要 | split=val | matched=713 | used=713 | csv_columns=['ID', 'Male', 'Boneage', 'Chronological'] | sex_field=Male | chronological_field=Chronological | boneage_field=Boneage | image_ext=['.png'] | missing_target_in_used=0 | chronological_range={'min': 11.0, 'max': 265.0} | boneage_range={'min': 12.0, 'max': 228.0}
2026-04-12 11:00:04 | INFO | SYSTEM  | 数据摘要 | split=test | matched=79 | used=79 | csv_columns=['ID', 'Male', 'Chronological'] | sex_field=Male | chronological_field=Chronological | boneage_field=None | image_ext=['.png'] | missing_target_in_used=79 | chronological_range={'min': 29.0, 'max': 201.0} | boneage_range=None
2026-04-12 11:00:04 | INFO | SYSTEM  | CONFIG SUMMARY:
2026-04-12 11:00:04 | INFO | SYSTEM  | - model type: EnsembleBoneAgeModel(resnet18 + efficientnet_b0)
2026-04-12 11:00:04 | INFO | SYSTEM  | - metadata mode: mlp | inputs: male, chronological
2026-04-12 11:00:04 | INFO | SYSTEM  | - structure switches: ensemble=ensemble | branch=global_local | local_mode=patch_heatmap | target=relative | metadata=True(mlp;g=True,c=True) | heatmap_guidance=True | cbam=True[g=True,l=True]
2026-04-12 11:00:04 | INFO | SYSTEM  | - backbones: resnet=resnet18 | efficientnet=efficientnet_b0 | pretrained=False
2026-04-12 11:00:04 | INFO | SYSTEM  | - input modalities: grayscale_global_image, global_roi_heatmap, local_patches, local_heatmaps, roi_geometry_vector, male, chronological
2026-04-12 11:00:04 | INFO | SYSTEM  | - target type: relative_age = Boneage - Chronological -> final_boneage = Chronological + predicted_relative_age
2026-04-12 11:00:04 | INFO | SYSTEM  | - data strategy: input_size=384 | local_patch=96 | crop=bbox | crop_margin=0.1000 | sigma_ratio=0.0350 | sigma_min=8.00
2026-04-12 11:00:04 | INFO | SYSTEM  | - optimization: epochs=5 | batch=8 | grad_accum=2 | optimizer=adamw | lr=0.0002 | weight_decay=0.0007 | scheduler=cosine[factor=0.500,patience=2] | warmup_epochs=4 | amp=True | compile=True(mode=reduce-overhead) | loss=smoothl1(beta=0.4) | best_metric=mae
2026-04-12 11:00:04 | INFO | SYSTEM  | - augmentation: affine_p=0.72 | flip=False(p=0.50) | noise=True(p=0.18) | blur=True(p=0.08)
2026-04-12 11:00:04 | INFO | SYSTEM  | - dataset size: {'train': 5491, 'val': 713, 'test': 79}
2026-04-12 11:00:04 | INFO | SYSTEM  | - device: cuda:0
2026-04-12 11:00:04 | INFO | SYSTEM  | - image normalization: source=auto_train_stats(cache) mean=0.58058435 std=0.32301837
2026-04-12 11:00:04 | INFO | SYSTEM  | DataLoader | num_workers=2 | pin_memory=True | persistent_workers=True | prefetch_factor=2
2026-04-12 11:00:04 | INFO | SYSTEM  | 设备自检 | model_device=cuda:0 | probe_device=cuda:0 | current_device=0 | name=NVIDIA GeForce RTX 3060 Laptop GPU | total_memory_mb=6143 | allocated_mb=72.5 | reserved_mb=104.0
2026-04-12 11:00:04 | INFO | SYSTEM  | torch.compile requested: True
2026-04-12 11:00:04 | INFO | SYSTEM  | torch.compile available: True
2026-04-12 11:00:04 | WARNING | SYSTEM  | torch.compile: 检测到双-backbone ensemble，已自动禁用 CUDAGraphs，以规避顺序分支前向时的输出覆盖问题。
2026-04-12 11:00:04 | WARNING | SYSTEM  | torch.compile actually used: False
2026-04-12 11:00:04 | WARNING | SYSTEM  | torch.compile reason: Either mode or options can be specified, but both can't be specified at the same time.
2026-04-12 11:00:04 | INFO | SYSTEM  | Effective params | mode=enhanced | device=cuda:0 | epochs=5 | batch_size=8 | effective_batch_size=16 | optimizer=adamw | lr=0.0002 | weight_decay=0.0007 | scheduler=cosine[factor=0.500,patience=2] | warmup_epochs=4 | amp=True->True | compile=True/True/False(mode=reduce-overhead) | channels_last=True | eval_interval=1 | early_stopping_patience=10 | num_workers=2 | pin_memory=True | persistent_workers=True | prefetch_factor=2 | verify_images=False | ensemble=ensemble | branch=global_local | local_mode=patch_heatmap | metadata=True(mlp;g=True,c=True;inputs=male, chronological) | heatmap_guidance=True | cbam=True[g=True,l=True] | input_size=384 | local_patch_size=96 | crop=bbox(margin=0.100) | sigma=(0.0350,8.00) | target_type=relative_age = Boneage - Chronological -> final_boneage = Chronological + predicted_relative_age | normalization=(0.58058435,0.32301837,auto_train_stats(cache)) | dataset_sizes={'train': 5491, 'val': 713, 'test': 79}
2026-04-12 11:00:04 | INFO | SYSTEM  | Compile status | requested=True | available=True | used=False | reason=Either mode or options can be specified, but both can't be specified at the same time. | cudagraphs=None
2026-04-12 11:00:04 | INFO | SYSTEM  | ============================================================================================================
2026-04-12 11:00:04 | INFO | SYSTEM  | Epoch 1/5 started
2026-04-12 11:00:04 | INFO | SYSTEM  | Hyperparams | lr=7.25e-05 | train_batch_size=8 | effective_train_batch_size=16 | val_batch_size=8 | test_batch_size=8 | optimizer=adamw | scheduler=cosine | weight_decay=0.0007 | loss=smoothl1(beta=0.4) | device=cuda:0 | amp=True | grad_accum=2 | grad_clip=1.0
2026-04-12 11:00:04 | INFO | TRAIN   | Phase started | scope=1/5 | batches=687 | batch_size=8 | lr=7.25e-05 | device=cuda:0 | amp=True | grad_accum=2 | channels_last=True
2026-04-12 11:00:04 | INFO | TRAIN   | 正在等待首个 batch | scope=1/5 | 首次可能因数据预处理、DataLoader worker 启动和 torch.compile 预热而偏慢。
2026-04-12 11:00:06 | INFO | TRAIN   | 首个 batch 已就绪 | phase=train | epoch=1 | wait_seconds=2.16
2026-04-12 11:00:06 | INFO | TRAIN   | 首个 batch | phase=train | epoch=1 | model_device=cuda:0 | global_image=cuda:0 | local_images=cuda:0 | global_heatmap=cuda:0 | roi_vector=cuda:0
2026-04-12 11:05:02 | INFO | TRAIN   | Phase finished | scope=1/5 | loss=0.5787 | final_mae=9.8212 | final_mad=7.5820 | relative_mae=9.8212 | relative_mad=7.5820 | phase_time=323.24s | data_time=165.82s | transfer_time=0.14s | compute_time=157.23s | samples_per_sec=16.99 | avg_batch_time=0.23s | min_batch_time=0.12s | max_batch_time=43.86s | gpu_peak_alloc=2744.2MB | gpu_peak_reserved=2920.0MB | optimizer_steps=344
2026-04-12 11:05:02 | INFO | EVAL    | Phase started | scope=1/5 | batches=90 | batch_size=8 | lr=7.25e-05 | device=cuda:0 | amp=True | grad_accum=1 | channels_last=True
2026-04-12 11:05:02 | INFO | EVAL    | 正在等待首个 batch | scope=1/5 | 首次可能因数据预处理、DataLoader worker 启动和 torch.compile 预热而偏慢。
2026-04-12 11:05:04 | INFO | EVAL    | 首个 batch 已就绪 | phase=eval | epoch=1 | wait_seconds=1.35
2026-04-12 11:05:04 | INFO | EVAL    | 首个 batch | phase=eval | epoch=1 | model_device=cuda:0 | global_image=cuda:0 | local_images=cuda:0 | global_heatmap=cuda:0 | roi_vector=cuda:0
2026-04-12 11:05:33 | INFO | EVAL    | Phase finished | scope=1/5 | loss=0.5949 | final_mae=10.0587 | final_mad=7.9077 | relative_mae=10.0587 | relative_mad=7.9077 | phase_time=32.51s | data_time=23.09s | transfer_time=0.02s | compute_time=9.39s | samples_per_sec=21.93 | avg_batch_time=0.10s | min_batch_time=0.05s | max_batch_time=4.36s | gpu_peak_alloc=473.3MB | gpu_peak_reserved=680.0MB | optimizer_steps=0
2026-04-12 11:05:33 | INFO | SYSTEM  | Learning rate updated | epoch=1/5 | scheduler=warmup | from=7.25e-05 | to=0.000115
2026-04-12 11:05:33 | INFO | SYSTEM  | Best model updated | epoch=1/5 | metric=mae | value=10.0587 | path=outputs/quality-5_train_20260412_110001/model/best_model.pt
2026-04-12 11:05:34 | INFO | SYSTEM  | Checkpoint saved | kind=last | epoch=1/5 | path=outputs/quality-5_train_20260412_110001/model/last_checkpoint.pt
2026-04-12 11:05:34 | INFO | SYSTEM  | Epoch 1/5 finished | train_time=323.24s | eval_time=32.51s | epoch_total_time=357.10s | train_data_time=165.82s | eval_data_time=23.09s | train_transfer_time=0.14s | eval_transfer_time=0.02s | train_compute_time=157.23s | eval_compute_time=9.39s | train_samples_per_sec=16.99 | eval_samples_per_sec=21.93 | train_gpu_peak_alloc=2744.2MB | eval_gpu_peak_alloc=473.3MB | train_gpu_peak_reserved=2920.0MB | eval_gpu_peak_reserved=680.0MB | train_avg_batch_time=0.23s | eval_avg_batch_time=0.10s | train_fastest_batch=0.12s | train_slowest_batch=43.86s | eval_fastest_batch=0.05s | eval_slowest_batch=4.36s
2026-04-12 11:05:34 | INFO | SYSTEM  | Epoch 1/5 metrics | train_loss=0.5787 | val_loss=0.5949 | train_final_mae=9.8212 | val_final_mae=10.0587 | train_relative_mae=9.8212 | val_relative_mae=10.0587 | train_final_mad=7.5820 | val_final_mad=7.9077 | lr_start=7.25e-05 | lr_end=0.000115 | epoch_time=00:05:57 | total_elapsed=00:06:03 | best_updated=True
2026-04-12 11:05:34 | INFO | SYSTEM  | ============================================================================================================
2026-04-12 11:05:34 | INFO | SYSTEM  | Epoch 2/5 started
2026-04-12 11:05:34 | INFO | SYSTEM  | Hyperparams | lr=0.000115 | train_batch_size=8 | effective_train_batch_size=16 | val_batch_size=8 | test_batch_size=8 | optimizer=adamw | scheduler=cosine | weight_decay=0.0007 | loss=smoothl1(beta=0.4) | device=cuda:0 | amp=True | grad_accum=2 | grad_clip=1.0
2026-04-12 11:05:34 | INFO | TRAIN   | Phase started | scope=2/5 | batches=687 | batch_size=8 | lr=0.000115 | device=cuda:0 | amp=True | grad_accum=2 | channels_last=True
2026-04-12 11:05:34 | INFO | TRAIN   | 正在等待首个 batch | scope=2/5 | 首次可能因数据预处理、DataLoader worker 启动和 torch.compile 预热而偏慢。
2026-04-12 11:05:36 | INFO | TRAIN   | 首个 batch 已就绪 | phase=train | epoch=2 | wait_seconds=1.98
2026-04-12 11:09:11 | INFO | TRAIN   | Phase finished | scope=2/5 | loss=0.5647 | final_mae=9.6353 | final_mad=7.5137 | relative_mae=9.6353 | relative_mad=7.5137 | phase_time=235.02s | data_time=144.63s | transfer_time=0.16s | compute_time=90.21s | samples_per_sec=23.36 | avg_batch_time=0.13s | min_batch_time=0.09s | max_batch_time=0.37s | gpu_peak_alloc=2741.4MB | gpu_peak_reserved=2990.0MB | optimizer_steps=344
2026-04-12 11:09:11 | INFO | EVAL    | Phase started | scope=2/5 | batches=90 | batch_size=8 | lr=0.000115 | device=cuda:0 | amp=True | grad_accum=1 | channels_last=True
2026-04-12 11:09:11 | INFO | EVAL    | 正在等待首个 batch | scope=2/5 | 首次可能因数据预处理、DataLoader worker 启动和 torch.compile 预热而偏慢。
2026-04-12 11:09:12 | INFO | EVAL    | 首个 batch 已就绪 | phase=eval | epoch=2 | wait_seconds=1.28
2026-04-12 11:09:36 | INFO | EVAL    | Phase finished | scope=2/5 | loss=0.5876 | final_mae=9.9416 | final_mad=7.9375 | relative_mae=9.9416 | relative_mad=7.9375 | phase_time=27.63s | data_time=22.89s | transfer_time=0.02s | compute_time=4.72s | samples_per_sec=25.80 | avg_batch_time=0.05s | min_batch_time=0.03s | max_batch_time=0.07s | gpu_peak_alloc=473.8MB | gpu_peak_reserved=2990.0MB | optimizer_steps=0
2026-04-12 11:09:36 | INFO | SYSTEM  | Learning rate updated | epoch=2/5 | scheduler=warmup | from=0.000115 | to=0.0001575
2026-04-12 11:09:37 | INFO | SYSTEM  | Best model updated | epoch=2/5 | metric=mae | value=9.9416 | path=outputs/quality-5_train_20260412_110001/model/best_model.pt
2026-04-12 11:09:38 | INFO | SYSTEM  | Checkpoint saved | kind=last | epoch=2/5 | path=outputs/quality-5_train_20260412_110001/model/last_checkpoint.pt
2026-04-12 11:09:38 | INFO | SYSTEM  | Epoch 2/5 finished | train_time=235.02s | eval_time=27.63s | epoch_total_time=263.94s | train_data_time=144.63s | eval_data_time=22.89s | train_transfer_time=0.16s | eval_transfer_time=0.02s | train_compute_time=90.21s | eval_compute_time=4.72s | train_samples_per_sec=23.36 | eval_samples_per_sec=25.80 | train_gpu_peak_alloc=2741.4MB | eval_gpu_peak_alloc=473.8MB | train_gpu_peak_reserved=2990.0MB | eval_gpu_peak_reserved=2990.0MB | train_avg_batch_time=0.13s | eval_avg_batch_time=0.05s | train_fastest_batch=0.09s | train_slowest_batch=0.37s | eval_fastest_batch=0.03s | eval_slowest_batch=0.07s
2026-04-12 11:09:38 | INFO | SYSTEM  | Epoch 2/5 metrics | train_loss=0.5647 | val_loss=0.5876 | train_final_mae=9.6353 | val_final_mae=9.9416 | train_relative_mae=9.6353 | val_relative_mae=9.9416 | train_final_mad=7.5137 | val_final_mad=7.9375 | lr_start=0.000115 | lr_end=0.0001575 | epoch_time=00:04:23 | total_elapsed=00:10:27 | best_updated=True
2026-04-12 11:09:38 | INFO | SYSTEM  | ============================================================================================================
2026-04-12 11:09:38 | INFO | SYSTEM  | Epoch 3/5 started
2026-04-12 11:09:38 | INFO | SYSTEM  | Hyperparams | lr=0.0001575 | train_batch_size=8 | effective_train_batch_size=16 | val_batch_size=8 | test_batch_size=8 | optimizer=adamw | scheduler=cosine | weight_decay=0.0007 | loss=smoothl1(beta=0.4) | device=cuda:0 | amp=True | grad_accum=2 | grad_clip=1.0
2026-04-12 11:09:38 | INFO | TRAIN   | Phase started | scope=3/5 | batches=687 | batch_size=8 | lr=0.0001575 | device=cuda:0 | amp=True | grad_accum=2 | channels_last=True
2026-04-12 11:09:38 | INFO | TRAIN   | 正在等待首个 batch | scope=3/5 | 首次可能因数据预处理、DataLoader worker 启动和 torch.compile 预热而偏慢。
2026-04-12 11:09:40 | INFO | TRAIN   | 首个 batch 已就绪 | phase=train | epoch=3 | wait_seconds=2.24
2026-04-12 11:13:13 | INFO | TRAIN   | Phase finished | scope=3/5 | loss=0.5593 | final_mae=9.5639 | final_mad=7.4460 | relative_mae=9.5639 | relative_mad=7.4460 | phase_time=235.27s | data_time=141.33s | transfer_time=0.15s | compute_time=93.77s | samples_per_sec=23.34 | avg_batch_time=0.14s | min_batch_time=0.09s | max_batch_time=4.09s | gpu_peak_alloc=2741.4MB | gpu_peak_reserved=2990.0MB | optimizer_steps=344
2026-04-12 11:13:13 | INFO | EVAL    | Phase started | scope=3/5 | batches=90 | batch_size=8 | lr=0.0001575 | device=cuda:0 | amp=True | grad_accum=1 | channels_last=True
2026-04-12 11:13:13 | INFO | EVAL    | 正在等待首个 batch | scope=3/5 | 首次可能因数据预处理、DataLoader worker 启动和 torch.compile 预热而偏慢。
2026-04-12 11:13:14 | INFO | EVAL    | 首个 batch 已就绪 | phase=eval | epoch=3 | wait_seconds=1.26
2026-04-12 11:13:41 | INFO | EVAL    | Phase finished | scope=3/5 | loss=0.5873 | final_mae=9.9550 | final_mad=7.9480 | relative_mae=9.9550 | relative_mad=7.9480 | phase_time=27.74s | data_time=23.01s | transfer_time=0.02s | compute_time=4.70s | samples_per_sec=25.70 | avg_batch_time=0.05s | min_batch_time=0.02s | max_batch_time=0.07s | gpu_peak_alloc=473.8MB | gpu_peak_reserved=2990.0MB | optimizer_steps=0
2026-04-12 11:13:41 | INFO | SYSTEM  | Learning rate updated | epoch=3/5 | scheduler=warmup | from=0.0001575 | to=0.0002
2026-04-12 11:13:41 | INFO | SYSTEM  | Checkpoint saved | kind=last | epoch=3/5 | path=outputs/quality-5_train_20260412_110001/model/last_checkpoint.pt
2026-04-12 11:13:41 | INFO | SYSTEM  | Epoch 3/5 finished | train_time=235.27s | eval_time=27.74s | epoch_total_time=263.52s | train_data_time=141.33s | eval_data_time=23.01s | train_transfer_time=0.15s | eval_transfer_time=0.02s | train_compute_time=93.77s | eval_compute_time=4.70s | train_samples_per_sec=23.34 | eval_samples_per_sec=25.70 | train_gpu_peak_alloc=2741.4MB | eval_gpu_peak_alloc=473.8MB | train_gpu_peak_reserved=2990.0MB | eval_gpu_peak_reserved=2990.0MB | train_avg_batch_time=0.14s | eval_avg_batch_time=0.05s | train_fastest_batch=0.09s | train_slowest_batch=4.09s | eval_fastest_batch=0.02s | eval_slowest_batch=0.07s
2026-04-12 11:13:41 | INFO | SYSTEM  | Epoch 3/5 metrics | train_loss=0.5593 | val_loss=0.5873 | train_final_mae=9.5639 | val_final_mae=9.9550 | train_relative_mae=9.5639 | val_relative_mae=9.9550 | train_final_mad=7.4460 | val_final_mad=7.9480 | lr_start=0.0001575 | lr_end=0.0002 | epoch_time=00:04:23 | total_elapsed=00:14:50 | best_updated=False
2026-04-12 11:13:41 | INFO | SYSTEM  | ============================================================================================================
2026-04-12 11:13:41 | INFO | SYSTEM  | Epoch 4/5 started
2026-04-12 11:13:41 | INFO | SYSTEM  | Hyperparams | lr=0.0002 | train_batch_size=8 | effective_train_batch_size=16 | val_batch_size=8 | test_batch_size=8 | optimizer=adamw | scheduler=cosine | weight_decay=0.0007 | loss=smoothl1(beta=0.4) | device=cuda:0 | amp=True | grad_accum=2 | grad_clip=1.0
2026-04-12 11:13:41 | INFO | TRAIN   | Phase started | scope=4/5 | batches=687 | batch_size=8 | lr=0.0002 | device=cuda:0 | amp=True | grad_accum=2 | channels_last=True
2026-04-12 11:13:41 | INFO | TRAIN   | 正在等待首个 batch | scope=4/5 | 首次可能因数据预处理、DataLoader worker 启动和 torch.compile 预热而偏慢。
2026-04-12 11:13:43 | INFO | TRAIN   | 首个 batch 已就绪 | phase=train | epoch=4 | wait_seconds=2.13
2026-04-12 11:17:12 | INFO | TRAIN   | Phase finished | scope=4/5 | loss=0.5586 | final_mae=9.5575 | final_mad=7.4868 | relative_mae=9.5575 | relative_mad=7.4868 | phase_time=231.08s | data_time=141.44s | transfer_time=0.15s | compute_time=89.46s | samples_per_sec=23.76 | avg_batch_time=0.13s | min_batch_time=0.07s | max_batch_time=0.35s | gpu_peak_alloc=2741.4MB | gpu_peak_reserved=2990.0MB | optimizer_steps=344
2026-04-12 11:17:12 | INFO | EVAL    | Phase started | scope=4/5 | batches=90 | batch_size=8 | lr=0.0002 | device=cuda:0 | amp=True | grad_accum=1 | channels_last=True
2026-04-12 11:17:12 | INFO | EVAL    | 正在等待首个 batch | scope=4/5 | 首次可能因数据预处理、DataLoader worker 启动和 torch.compile 预热而偏慢。
2026-04-12 11:17:13 | INFO | EVAL    | 首个 batch 已就绪 | phase=eval | epoch=4 | wait_seconds=1.24
2026-04-12 11:17:40 | INFO | EVAL    | Phase finished | scope=4/5 | loss=0.5838 | final_mae=9.8952 | final_mad=7.8831 | relative_mae=9.8952 | relative_mad=7.8831 | phase_time=27.88s | data_time=23.15s | transfer_time=0.02s | compute_time=4.71s | samples_per_sec=25.57 | avg_batch_time=0.05s | min_batch_time=0.02s | max_batch_time=0.07s | gpu_peak_alloc=473.8MB | gpu_peak_reserved=2990.0MB | optimizer_steps=0
2026-04-12 11:17:40 | INFO | SYSTEM  | Learning rate updated | epoch=4/5 | scheduler=cosine | from=0.0002 | to=5e-06
2026-04-12 11:17:41 | INFO | SYSTEM  | Best model updated | epoch=4/5 | metric=mae | value=9.8952 | path=outputs/quality-5_train_20260412_110001/model/best_model.pt
2026-04-12 11:17:41 | INFO | SYSTEM  | Checkpoint saved | kind=last | epoch=4/5 | path=outputs/quality-5_train_20260412_110001/model/last_checkpoint.pt
2026-04-12 11:17:41 | INFO | SYSTEM  | Epoch 4/5 finished | train_time=231.08s | eval_time=27.88s | epoch_total_time=260.14s | train_data_time=141.44s | eval_data_time=23.15s | train_transfer_time=0.15s | eval_transfer_time=0.02s | train_compute_time=89.46s | eval_compute_time=4.71s | train_samples_per_sec=23.76 | eval_samples_per_sec=25.57 | train_gpu_peak_alloc=2741.4MB | eval_gpu_peak_alloc=473.8MB | train_gpu_peak_reserved=2990.0MB | eval_gpu_peak_reserved=2990.0MB | train_avg_batch_time=0.13s | eval_avg_batch_time=0.05s | train_fastest_batch=0.07s | train_slowest_batch=0.35s | eval_fastest_batch=0.02s | eval_slowest_batch=0.07s
2026-04-12 11:17:41 | INFO | SYSTEM  | Epoch 4/5 metrics | train_loss=0.5586 | val_loss=0.5838 | train_final_mae=9.5575 | val_final_mae=9.8952 | train_relative_mae=9.5575 | val_relative_mae=9.8952 | train_final_mad=7.4868 | val_final_mad=7.8831 | lr_start=0.0002 | lr_end=5e-06 | epoch_time=00:04:20 | total_elapsed=00:19:10 | best_updated=True
2026-04-12 11:17:41 | INFO | SYSTEM  | ============================================================================================================
2026-04-12 11:17:41 | INFO | SYSTEM  | Epoch 5/5 started
2026-04-12 11:17:41 | INFO | SYSTEM  | Hyperparams | lr=5e-06 | train_batch_size=8 | effective_train_batch_size=16 | val_batch_size=8 | test_batch_size=8 | optimizer=adamw | scheduler=cosine | weight_decay=0.0007 | loss=smoothl1(beta=0.4) | device=cuda:0 | amp=True | grad_accum=2 | grad_clip=1.0
2026-04-12 11:17:41 | INFO | TRAIN   | Phase started | scope=5/5 | batches=687 | batch_size=8 | lr=5e-06 | device=cuda:0 | amp=True | grad_accum=2 | channels_last=True
2026-04-12 11:17:41 | INFO | TRAIN   | 正在等待首个 batch | scope=5/5 | 首次可能因数据预处理、DataLoader worker 启动和 torch.compile 预热而偏慢。
2026-04-12 11:17:43 | INFO | TRAIN   | 首个 batch 已就绪 | phase=train | epoch=5 | wait_seconds=1.99
2026-04-12 11:21:15 | INFO | TRAIN   | Phase finished | scope=5/5 | loss=0.5547 | final_mae=9.5090 | final_mad=7.4004 | relative_mae=9.5090 | relative_mad=7.4004 | phase_time=233.87s | data_time=143.65s | transfer_time=0.16s | compute_time=90.04s | samples_per_sec=23.48 | avg_batch_time=0.13s | min_batch_time=0.10s | max_batch_time=0.44s | gpu_peak_alloc=2741.4MB | gpu_peak_reserved=2990.0MB | optimizer_steps=344
2026-04-12 11:21:15 | INFO | EVAL    | Phase started | scope=5/5 | batches=90 | batch_size=8 | lr=5e-06 | device=cuda:0 | amp=True | grad_accum=1 | channels_last=True
2026-04-12 11:21:15 | INFO | EVAL    | 正在等待首个 batch | scope=5/5 | 首次可能因数据预处理、DataLoader worker 启动和 torch.compile 预热而偏慢。
2026-04-12 11:21:16 | INFO | EVAL    | 首个 batch 已就绪 | phase=eval | epoch=5 | wait_seconds=1.29
2026-04-12 11:21:43 | INFO | EVAL    | Phase finished | scope=5/5 | loss=0.5837 | final_mae=9.8929 | final_mad=7.9551 | relative_mae=9.8929 | relative_mad=7.9551 | phase_time=27.72s | data_time=22.83s | transfer_time=0.02s | compute_time=4.87s | samples_per_sec=25.72 | avg_batch_time=0.05s | min_batch_time=0.02s | max_batch_time=0.08s | gpu_peak_alloc=473.8MB | gpu_peak_reserved=2990.0MB | optimizer_steps=0
2026-04-12 11:21:43 | INFO | SYSTEM  | Learning rate updated | epoch=5/5 | scheduler=cosine | from=5e-06 | to=0.0002
2026-04-12 11:21:43 | INFO | SYSTEM  | Checkpoint saved | kind=last | epoch=5/5 | path=outputs/quality-5_train_20260412_110001/model/last_checkpoint.pt
2026-04-12 11:21:43 | INFO | SYSTEM  | Epoch 5/5 finished | train_time=233.87s | eval_time=27.72s | epoch_total_time=262.05s | train_data_time=143.65s | eval_data_time=22.83s | train_transfer_time=0.16s | eval_transfer_time=0.02s | train_compute_time=90.04s | eval_compute_time=4.87s | train_samples_per_sec=23.48 | eval_samples_per_sec=25.72 | train_gpu_peak_alloc=2741.4MB | eval_gpu_peak_alloc=473.8MB | train_gpu_peak_reserved=2990.0MB | eval_gpu_peak_reserved=2990.0MB | train_avg_batch_time=0.13s | eval_avg_batch_time=0.05s | train_fastest_batch=0.10s | train_slowest_batch=0.44s | eval_fastest_batch=0.02s | eval_slowest_batch=0.08s
2026-04-12 11:21:43 | INFO | SYSTEM  | Epoch 5/5 metrics | train_loss=0.5547 | val_loss=0.5837 | train_final_mae=9.5090 | val_final_mae=9.8929 | train_relative_mae=9.5090 | val_relative_mae=9.8929 | train_final_mad=7.4004 | val_final_mad=7.9551 | lr_start=5e-06 | lr_end=0.0002 | epoch_time=00:04:22 | total_elapsed=00:23:32 | best_updated=False
2026-04-12 11:21:44 | INFO | SYSTEM  | 开始加载最佳 checkpoint 并执行最终验证。
2026-04-12 11:21:44 | INFO | EVAL    | Phase started | scope=best-val | batches=90 | batch_size=8 | lr=0.0002 | device=cuda:0 | amp=True | grad_accum=1 | channels_last=True
2026-04-12 11:21:44 | INFO | EVAL    | 正在等待首个 batch | scope=best-val | 首次可能因数据预处理、DataLoader worker 启动和 torch.compile 预热而偏慢。
2026-04-12 11:21:43 | INFO | EVAL    | 首个 batch 已就绪 | phase=eval | epoch=None | wait_seconds=1.25
2026-04-12 11:22:09 | INFO | EVAL    | Phase finished | scope=best-val | loss=0.5838 | final_mae=9.8952 | final_mad=7.8831 | relative_mae=9.8952 | relative_mad=7.8831 | phase_time=27.08s | data_time=22.15s | transfer_time=0.02s | compute_time=4.91s | samples_per_sec=26.33 | avg_batch_time=0.05s | min_batch_time=0.02s | max_batch_time=0.23s | gpu_peak_alloc=473.8MB | gpu_peak_reserved=2990.0MB | optimizer_steps=0
2026-04-12 11:22:09 | INFO | SYSTEM  | 开始执行 test 集评估。
2026-04-12 11:22:09 | INFO | EVAL    | Phase started | scope=test | batches=10 | batch_size=8 | lr=0.0002 | device=cuda:0 | amp=True | grad_accum=1 | channels_last=True
2026-04-12 11:22:09 | INFO | EVAL    | 正在等待首个 batch | scope=test | 首次可能因数据预处理、DataLoader worker 启动和 torch.compile 预热而偏慢。
2026-04-12 11:22:11 | INFO | EVAL    | 首个 batch 已就绪 | phase=eval | epoch=None | wait_seconds=1.73
2026-04-12 11:22:16 | INFO | EVAL    | Phase finished | scope=test | loss=n/a | final_mae=n/a | final_mad=n/a | relative_mae=n/a | relative_mad=n/a | phase_time=10.33s | data_time=4.01s | transfer_time=0.00s | compute_time=6.31s | samples_per_sec=7.65 | avg_batch_time=0.63s | min_batch_time=0.04s | max_batch_time=5.67s | gpu_peak_alloc=914.4MB | gpu_peak_reserved=2990.0MB | optimizer_steps=0
2026-04-12 11:22:16 | INFO | SYSTEM  | 开始生成训练报告文件。
2026-04-12 11:22:21 | INFO | SYSTEM  | 训练报告生成完成。
2026-04-12 11:22:21 | INFO | SYSTEM  | 训练任务完成 | total_elapsed=00:24:16 | run_dir=outputs/quality-5_train_20260412_110001 | best_checkpoint=outputs/quality-5_train_20260412_110001/model/best_model.pt | last_checkpoint=outputs/quality-5_train_20260412_110001/model/last_checkpoint.pt
