2026-04-12 11:26:20 | INFO | SYSTEM  | 训练任务开始 | run_dir=outputs/quality-5_train_20260412_112620 | timer_source=ui | elapsed=00:00:00
2026-04-12 11:26:20 | INFO | SYSTEM  | 训练模式 | mode=fresh | checkpoint=n/a
2026-04-12 11:26:20 | INFO | SYSTEM  | Running mode: enhanced (default)
2026-04-12 11:26:20 | INFO | SYSTEM  | - SIMBA: partial
2026-04-12 11:26:20 | INFO | SYSTEM  | - BoNet: partial
2026-04-12 11:26:20 | INFO | SYSTEM  | Mode note: Engineering-enhanced multimodal framework.
2026-04-12 11:26:20 | INFO | SYSTEM  | 运行环境 | python=3.12.12 | packaged by Anaconda, Inc. | (main, Oct 21 2025, 20:16:04) [GCC 11.2.0] | executable=/home/lqw/anaconda3/envs/MyBysj/bin/python | platform=Linux-6.6.87.2-microsoft-standard-WSL2-x86_64-with-glibc2.39 | is_wsl=True | filesystem_encoding=utf-8 | preferred_encoding=UTF-8 | stdout_encoding=utf-8
2026-04-12 11:26:20 | INFO | SYSTEM  | 依赖版本 | torch=2.10.0+cu130 | torchvision=0.25.0+cu130 | torchaudio=2.10.0+cu130 | numpy=2.4.2 | pandas=3.0.0 | cuda_build=13.0 | torch_cuda_built=True | amp_available=True | compile_available=True | triton_available=True
2026-04-12 11:26:20 | INFO | SYSTEM  | 设备环境 | requested_device=cuda:0 | selected_device=cuda:0 | cuda_available=True | device_count=1 | gpus=['NVIDIA GeForce RTX 3060 Laptop GPU'] | nvidia_smi=driver=591.86 | gpus=['NVIDIA GeForce RTX 3060 Laptop GPU'] | device_nodes=['/dev/dxg'] | deterministic=False | cudnn_benchmark=True | tf32_matmul=True | tf32_cudnn=True | matmul_precision=high
2026-04-12 11:26:21 | INFO | SYSTEM  | 数据检查 | split=train | matched=5491 | missing_image=0 | missing_csv=0 | missing_roi=0 | duplicate_csv=0 | duplicate_image=0 | duplicate_roi=0 | unreadable=0
2026-04-12 11:26:21 | INFO | SYSTEM  | 数据检查 | split=val | matched=713 | missing_image=0 | missing_csv=0 | missing_roi=0 | duplicate_csv=0 | duplicate_image=0 | duplicate_roi=0 | unreadable=0
2026-04-12 11:26:21 | INFO | SYSTEM  | 数据检查 | split=test | matched=79 | missing_image=0 | missing_csv=0 | missing_roi=0 | duplicate_csv=0 | duplicate_image=0 | duplicate_roi=0 | unreadable=0
2026-04-12 11:26:21 | INFO | SYSTEM  | Image normalization | source=auto_train_stats(cache) | mean=0.58058435 | std=0.32301837 | cache=dataset/train_mean_std.json
2026-04-12 11:26:21 | INFO | SYSTEM  | 图像输入 | loader=cv2.IMREAD_GRAYSCALE | channels=1
2026-04-12 11:26:21 | INFO | SYSTEM  | 数据摘要 | split=train | matched=5491 | used=5491 | csv_columns=['ID', 'Male', 'Boneage', 'Chronological'] | sex_field=Male | chronological_field=Chronological | boneage_field=Boneage | image_ext=['.png'] | missing_target_in_used=0 | chronological_range={'min': 10.0, 'max': 242.0} | boneage_range={'min': 12.0, 'max': 228.0}
2026-04-12 11:26:21 | INFO | SYSTEM  | 数据摘要 | split=val | matched=713 | used=713 | csv_columns=['ID', 'Male', 'Boneage', 'Chronological'] | sex_field=Male | chronological_field=Chronological | boneage_field=Boneage | image_ext=['.png'] | missing_target_in_used=0 | chronological_range={'min': 11.0, 'max': 265.0} | boneage_range={'min': 12.0, 'max': 228.0}
2026-04-12 11:26:21 | INFO | SYSTEM  | 数据摘要 | split=test | matched=79 | used=79 | csv_columns=['ID', 'Male', 'Chronological'] | sex_field=Male | chronological_field=Chronological | boneage_field=None | image_ext=['.png'] | missing_target_in_used=79 | chronological_range={'min': 29.0, 'max': 201.0} | boneage_range=None
2026-04-12 11:26:21 | INFO | SYSTEM  | CONFIG SUMMARY:
2026-04-12 11:26:21 | INFO | SYSTEM  | - model type: EnsembleBoneAgeModel(resnet50 + efficientnet_b0)
2026-04-12 11:26:21 | INFO | SYSTEM  | - metadata mode: mlp | inputs: male, chronological
2026-04-12 11:26:21 | INFO | SYSTEM  | - structure switches: ensemble=ensemble | branch=global_local | local_mode=patch_heatmap | target=relative | metadata=True(mlp;g=True,c=True) | heatmap_guidance=True | cbam=True[g=True,l=True]
2026-04-12 11:26:21 | INFO | SYSTEM  | - backbones: resnet=resnet50 | efficientnet=efficientnet_b0 | pretrained=False
2026-04-12 11:26:21 | INFO | SYSTEM  | - input modalities: grayscale_global_image, global_roi_heatmap, local_patches, local_heatmaps, roi_geometry_vector, male, chronological
2026-04-12 11:26:21 | INFO | SYSTEM  | - target type: relative_age = Boneage - Chronological -> final_boneage = Chronological + predicted_relative_age
2026-04-12 11:26:21 | INFO | SYSTEM  | - data strategy: input_size=384 | local_patch=96 | crop=bbox | crop_margin=0.1000 | sigma_ratio=0.0350 | sigma_min=8.00
2026-04-12 11:26:21 | INFO | SYSTEM  | - optimization: epochs=5 | batch=8 | grad_accum=2 | optimizer=adamw | lr=0.0002 | weight_decay=0.0007 | scheduler=cosine[factor=0.500,patience=2] | warmup_epochs=4 | amp=True | compile=True(mode=reduce-overhead) | loss=smoothl1(beta=0.4) | best_metric=mae
2026-04-12 11:26:21 | INFO | SYSTEM  | - augmentation: affine_p=0.72 | flip=False(p=0.50) | noise=True(p=0.18) | blur=True(p=0.08)
2026-04-12 11:26:21 | INFO | SYSTEM  | - dataset size: {'train': 5491, 'val': 713, 'test': 79}
2026-04-12 11:26:21 | INFO | SYSTEM  | - device: cuda:0
2026-04-12 11:26:21 | INFO | SYSTEM  | - image normalization: source=auto_train_stats(cache) mean=0.58058435 std=0.32301837
2026-04-12 11:26:21 | INFO | SYSTEM  | DataLoader | num_workers=2 | pin_memory=True | persistent_workers=True | prefetch_factor=2
2026-04-12 11:26:22 | INFO | SYSTEM  | 设备自检 | model_device=cuda:0 | probe_device=cuda:0 | current_device=0 | name=NVIDIA GeForce RTX 3060 Laptop GPU | total_memory_mb=6143 | allocated_mb=151.0 | reserved_mb=472.0
2026-04-12 11:26:22 | INFO | SYSTEM  | torch.compile requested: True
2026-04-12 11:26:22 | INFO | SYSTEM  | torch.compile available: True
2026-04-12 11:26:22 | WARNING | SYSTEM  | torch.compile: 检测到双-backbone ensemble，已自动禁用 CUDAGraphs，以规避顺序分支前向时的输出覆盖问题。
2026-04-12 11:26:22 | WARNING | SYSTEM  | torch.compile actually used: False
2026-04-12 11:26:22 | WARNING | SYSTEM  | torch.compile reason: Either mode or options can be specified, but both can't be specified at the same time.
2026-04-12 11:26:22 | INFO | SYSTEM  | Effective params | mode=enhanced | device=cuda:0 | epochs=5 | batch_size=8 | effective_batch_size=16 | optimizer=adamw | lr=0.0002 | weight_decay=0.0007 | scheduler=cosine[factor=0.500,patience=2] | warmup_epochs=4 | amp=True->True | compile=True/True/False(mode=reduce-overhead) | channels_last=True | eval_interval=1 | early_stopping_patience=10 | num_workers=2 | pin_memory=True | persistent_workers=True | prefetch_factor=2 | verify_images=False | ensemble=ensemble | branch=global_local | local_mode=patch_heatmap | metadata=True(mlp;g=True,c=True;inputs=male, chronological) | heatmap_guidance=True | cbam=True[g=True,l=True] | input_size=384 | local_patch_size=96 | crop=bbox(margin=0.100) | sigma=(0.0350,8.00) | target_type=relative_age = Boneage - Chronological -> final_boneage = Chronological + predicted_relative_age | normalization=(0.58058435,0.32301837,auto_train_stats(cache)) | dataset_sizes={'train': 5491, 'val': 713, 'test': 79}
2026-04-12 11:26:22 | INFO | SYSTEM  | Compile status | requested=True | available=True | used=False | reason=Either mode or options can be specified, but both can't be specified at the same time. | cudagraphs=None
2026-04-12 11:26:22 | INFO | SYSTEM  | ============================================================================================================
2026-04-12 11:26:22 | INFO | SYSTEM  | Epoch 1/5 started
2026-04-12 11:26:22 | INFO | SYSTEM  | Hyperparams | lr=7.25e-05 | train_batch_size=8 | effective_train_batch_size=16 | val_batch_size=8 | test_batch_size=8 | optimizer=adamw | scheduler=cosine | weight_decay=0.0007 | loss=smoothl1(beta=0.4) | device=cuda:0 | amp=True | grad_accum=2 | grad_clip=1.0
2026-04-12 11:26:22 | INFO | TRAIN   | Phase started | scope=1/5 | batches=687 | batch_size=8 | lr=7.25e-05 | device=cuda:0 | amp=True | grad_accum=2 | channels_last=True
2026-04-12 11:26:22 | INFO | TRAIN   | 正在等待首个 batch | scope=1/5 | 首次可能因数据预处理、DataLoader worker 启动和 torch.compile 预热而偏慢。
2026-04-12 11:26:24 | INFO | TRAIN   | 首个 batch 已就绪 | phase=train | epoch=1 | wait_seconds=2.30
2026-04-12 11:30:39 | INFO | TRAIN   | Phase finished | scope=1/5 | loss=0.5762 | final_mae=9.7882 | final_mad=7.5527 | relative_mae=9.7882 | relative_mad=7.5527 | phase_time=271.85s | data_time=136.05s | transfer_time=0.17s | compute_time=135.59s | samples_per_sec=20.20 | avg_batch_time=0.20s | min_batch_time=0.14s | max_batch_time=10.99s | gpu_peak_alloc=3744.1MB | gpu_peak_reserved=3980.0MB | optimizer_steps=344
2026-04-12 11:30:39 | INFO | EVAL    | Phase started | scope=1/5 | batches=90 | batch_size=8 | lr=7.25e-05 | device=cuda:0 | amp=True | grad_accum=1 | channels_last=True
2026-04-12 11:30:39 | INFO | EVAL    | 正在等待首个 batch | scope=1/5 | 首次可能因数据预处理、DataLoader worker 启动和 torch.compile 预热而偏慢。
2026-04-12 11:30:41 | INFO | EVAL    | 首个 batch 已就绪 | phase=eval | epoch=1 | wait_seconds=1.62
2026-04-12 11:31:12 | INFO | EVAL    | Phase finished | scope=1/5 | loss=0.5916 | final_mae=10.0122 | final_mad=7.7744 | relative_mae=10.0122 | relative_mad=7.7744 | phase_time=34.95s | data_time=24.46s | transfer_time=0.02s | compute_time=10.46s | samples_per_sec=20.40 | avg_batch_time=0.12s | min_batch_time=0.05s | max_batch_time=5.08s | gpu_peak_alloc=682.2MB | gpu_peak_reserved=1026.0MB | optimizer_steps=0
2026-04-12 11:31:12 | INFO | SYSTEM  | Learning rate updated | epoch=1/5 | scheduler=warmup | from=7.25e-05 | to=0.000115
2026-04-12 11:31:13 | INFO | SYSTEM  | Best model updated | epoch=1/5 | metric=mae | value=10.0122 | path=outputs/quality-5_train_20260412_112620/model/best_model.pt
2026-04-12 11:31:14 | INFO | SYSTEM  | Checkpoint saved | kind=last | epoch=1/5 | path=outputs/quality-5_train_20260412_112620/model/last_checkpoint.pt
2026-04-12 11:31:14 | INFO | SYSTEM  | Epoch 1/5 finished | train_time=271.85s | eval_time=34.95s | epoch_total_time=309.02s | train_data_time=136.05s | eval_data_time=24.46s | train_transfer_time=0.17s | eval_transfer_time=0.02s | train_compute_time=135.59s | eval_compute_time=10.46s | train_samples_per_sec=20.20 | eval_samples_per_sec=20.40 | train_gpu_peak_alloc=3744.1MB | eval_gpu_peak_alloc=682.2MB | train_gpu_peak_reserved=3980.0MB | eval_gpu_peak_reserved=1026.0MB | train_avg_batch_time=0.20s | eval_avg_batch_time=0.12s | train_fastest_batch=0.14s | train_slowest_batch=10.99s | eval_fastest_batch=0.05s | eval_slowest_batch=5.08s
2026-04-12 11:31:14 | INFO | SYSTEM  | Epoch 1/5 metrics | train_loss=0.5762 | val_loss=0.5916 | train_final_mae=9.7882 | val_final_mae=10.0122 | train_relative_mae=9.7882 | val_relative_mae=10.0122 | train_final_mad=7.5527 | val_final_mad=7.7744 | lr_start=7.25e-05 | lr_end=0.000115 | epoch_time=00:05:09 | total_elapsed=00:05:10 | best_updated=True
2026-04-12 11:31:14 | INFO | SYSTEM  | ============================================================================================================
2026-04-12 11:31:14 | INFO | SYSTEM  | Epoch 2/5 started
2026-04-12 11:31:14 | INFO | SYSTEM  | Hyperparams | lr=0.000115 | train_batch_size=8 | effective_train_batch_size=16 | val_batch_size=8 | test_batch_size=8 | optimizer=adamw | scheduler=cosine | weight_decay=0.0007 | loss=smoothl1(beta=0.4) | device=cuda:0 | amp=True | grad_accum=2 | grad_clip=1.0
2026-04-12 11:31:14 | INFO | TRAIN   | Phase started | scope=2/5 | batches=687 | batch_size=8 | lr=0.000115 | device=cuda:0 | amp=True | grad_accum=2 | channels_last=True
2026-04-12 11:31:14 | INFO | TRAIN   | 正在等待首个 batch | scope=2/5 | 首次可能因数据预处理、DataLoader worker 启动和 torch.compile 预热而偏慢。
2026-04-12 11:31:16 | INFO | TRAIN   | 首个 batch 已就绪 | phase=train | epoch=2 | wait_seconds=2.13
2026-04-12 11:34:52 | INFO | TRAIN   | Phase finished | scope=2/5 | loss=0.5674 | final_mae=9.6747 | final_mad=7.5527 | relative_mae=9.6747 | relative_mad=7.5527 | phase_time=238.08s | data_time=117.14s | transfer_time=0.16s | compute_time=120.75s | samples_per_sec=23.06 | avg_batch_time=0.18s | min_batch_time=0.13s | max_batch_time=0.42s | gpu_peak_alloc=3748.0MB | gpu_peak_reserved=3950.0MB | optimizer_steps=344
2026-04-12 11:34:52 | INFO | EVAL    | Phase started | scope=2/5 | batches=90 | batch_size=8 | lr=0.000115 | device=cuda:0 | amp=True | grad_accum=1 | channels_last=True
2026-04-12 11:34:52 | INFO | EVAL    | 正在等待首个 batch | scope=2/5 | 首次可能因数据预处理、DataLoader worker 启动和 torch.compile 预热而偏慢。
2026-04-12 11:34:54 | INFO | EVAL    | 首个 batch 已就绪 | phase=eval | epoch=2 | wait_seconds=1.72
2026-04-12 11:35:20 | INFO | EVAL    | Phase finished | scope=2/5 | loss=0.5889 | final_mae=9.9682 | final_mad=7.7832 | relative_mae=9.9682 | relative_mad=7.7832 | phase_time=30.31s | data_time=25.10s | transfer_time=0.03s | compute_time=5.18s | samples_per_sec=23.52 | avg_batch_time=0.06s | min_batch_time=0.04s | max_batch_time=0.08s | gpu_peak_alloc=682.5MB | gpu_peak_reserved=3950.0MB | optimizer_steps=0
2026-04-12 11:35:20 | INFO | SYSTEM  | Learning rate updated | epoch=2/5 | scheduler=warmup | from=0.000115 | to=0.0001575
2026-04-12 11:35:21 | INFO | SYSTEM  | Best model updated | epoch=2/5 | metric=mae | value=9.9682 | path=outputs/quality-5_train_20260412_112620/model/best_model.pt
2026-04-12 11:35:21 | INFO | SYSTEM  | Checkpoint saved | kind=last | epoch=2/5 | path=outputs/quality-5_train_20260412_112620/model/last_checkpoint.pt
2026-04-12 11:35:21 | INFO | SYSTEM  | Epoch 2/5 finished | train_time=238.08s | eval_time=30.31s | epoch_total_time=270.14s | train_data_time=117.14s | eval_data_time=25.10s | train_transfer_time=0.16s | eval_transfer_time=0.03s | train_compute_time=120.75s | eval_compute_time=5.18s | train_samples_per_sec=23.06 | eval_samples_per_sec=23.52 | train_gpu_peak_alloc=3748.0MB | eval_gpu_peak_alloc=682.5MB | train_gpu_peak_reserved=3950.0MB | eval_gpu_peak_reserved=3950.0MB | train_avg_batch_time=0.18s | eval_avg_batch_time=0.06s | train_fastest_batch=0.13s | train_slowest_batch=0.42s | eval_fastest_batch=0.04s | eval_slowest_batch=0.08s
2026-04-12 11:35:21 | INFO | SYSTEM  | Epoch 2/5 metrics | train_loss=0.5674 | val_loss=0.5889 | train_final_mae=9.6747 | val_final_mae=9.9682 | train_relative_mae=9.6747 | val_relative_mae=9.9682 | train_final_mad=7.5527 | val_final_mad=7.7832 | lr_start=0.000115 | lr_end=0.0001575 | epoch_time=00:04:30 | total_elapsed=00:09:40 | best_updated=True
2026-04-12 11:35:21 | INFO | SYSTEM  | ============================================================================================================
2026-04-12 11:35:21 | INFO | SYSTEM  | Epoch 3/5 started
2026-04-12 11:35:21 | INFO | SYSTEM  | Hyperparams | lr=0.0001575 | train_batch_size=8 | effective_train_batch_size=16 | val_batch_size=8 | test_batch_size=8 | optimizer=adamw | scheduler=cosine | weight_decay=0.0007 | loss=smoothl1(beta=0.4) | device=cuda:0 | amp=True | grad_accum=2 | grad_clip=1.0
2026-04-12 11:35:21 | INFO | TRAIN   | Phase started | scope=3/5 | batches=687 | batch_size=8 | lr=0.0001575 | device=cuda:0 | amp=True | grad_accum=2 | channels_last=True
2026-04-12 11:35:21 | INFO | TRAIN   | 正在等待首个 batch | scope=3/5 | 首次可能因数据预处理、DataLoader worker 启动和 torch.compile 预热而偏慢。
2026-04-12 11:35:23 | INFO | TRAIN   | 首个 batch 已就绪 | phase=train | epoch=3 | wait_seconds=1.98
2026-04-12 11:38:56 | INFO | TRAIN   | Phase finished | scope=3/5 | loss=0.5624 | final_mae=9.6091 | final_mad=7.5557 | relative_mae=9.6091 | relative_mad=7.5557 | phase_time=231.76s | data_time=111.63s | transfer_time=0.17s | compute_time=119.94s | samples_per_sec=23.69 | avg_batch_time=0.17s | min_batch_time=0.09s | max_batch_time=0.47s | gpu_peak_alloc=3747.8MB | gpu_peak_reserved=3950.0MB | optimizer_steps=344
2026-04-12 11:38:56 | INFO | EVAL    | Phase started | scope=3/5 | batches=90 | batch_size=8 | lr=0.0001575 | device=cuda:0 | amp=True | grad_accum=1 | channels_last=True
2026-04-12 11:38:56 | INFO | EVAL    | 正在等待首个 batch | scope=3/5 | 首次可能因数据预处理、DataLoader worker 启动和 torch.compile 预热而偏慢。
2026-04-12 11:38:57 | INFO | EVAL    | 首个 batch 已就绪 | phase=eval | epoch=3 | wait_seconds=1.28
2026-04-12 11:39:21 | INFO | EVAL    | Phase finished | scope=3/5 | loss=0.5860 | final_mae=9.9313 | final_mad=7.7969 | relative_mae=9.9313 | relative_mad=7.7969 | phase_time=27.38s | data_time=22.33s | transfer_time=0.02s | compute_time=5.03s | samples_per_sec=26.04 | avg_batch_time=0.06s | min_batch_time=0.02s | max_batch_time=0.06s | gpu_peak_alloc=682.5MB | gpu_peak_reserved=3950.0MB | optimizer_steps=0
2026-04-12 11:39:21 | INFO | SYSTEM  | Learning rate updated | epoch=3/5 | scheduler=warmup | from=0.0001575 | to=0.0002
2026-04-12 11:39:21 | INFO | SYSTEM  | Best model updated | epoch=3/5 | metric=mae | value=9.9313 | path=outputs/quality-5_train_20260412_112620/model/best_model.pt
2026-04-12 11:39:22 | INFO | SYSTEM  | Checkpoint saved | kind=last | epoch=3/5 | path=outputs/quality-5_train_20260412_112620/model/last_checkpoint.pt
2026-04-12 11:39:22 | INFO | SYSTEM  | Epoch 3/5 finished | train_time=231.76s | eval_time=27.38s | epoch_total_time=260.60s | train_data_time=111.63s | eval_data_time=22.33s | train_transfer_time=0.17s | eval_transfer_time=0.02s | train_compute_time=119.94s | eval_compute_time=5.03s | train_samples_per_sec=23.69 | eval_samples_per_sec=26.04 | train_gpu_peak_alloc=3747.8MB | eval_gpu_peak_alloc=682.5MB | train_gpu_peak_reserved=3950.0MB | eval_gpu_peak_reserved=3950.0MB | train_avg_batch_time=0.17s | eval_avg_batch_time=0.06s | train_fastest_batch=0.09s | train_slowest_batch=0.47s | eval_fastest_batch=0.02s | eval_slowest_batch=0.06s
2026-04-12 11:39:22 | INFO | SYSTEM  | Epoch 3/5 metrics | train_loss=0.5624 | val_loss=0.5860 | train_final_mae=9.6091 | val_final_mae=9.9313 | train_relative_mae=9.6091 | val_relative_mae=9.9313 | train_final_mad=7.5557 | val_final_mad=7.7969 | lr_start=0.0001575 | lr_end=0.0002 | epoch_time=00:04:20 | total_elapsed=00:14:01 | best_updated=True
2026-04-12 11:39:22 | INFO | SYSTEM  | ============================================================================================================
2026-04-12 11:39:22 | INFO | SYSTEM  | Epoch 4/5 started
2026-04-12 11:39:22 | INFO | SYSTEM  | Hyperparams | lr=0.0002 | train_batch_size=8 | effective_train_batch_size=16 | val_batch_size=8 | test_batch_size=8 | optimizer=adamw | scheduler=cosine | weight_decay=0.0007 | loss=smoothl1(beta=0.4) | device=cuda:0 | amp=True | grad_accum=2 | grad_clip=1.0
2026-04-12 11:39:22 | INFO | TRAIN   | Phase started | scope=4/5 | batches=687 | batch_size=8 | lr=0.0002 | device=cuda:0 | amp=True | grad_accum=2 | channels_last=True
2026-04-12 11:39:22 | INFO | TRAIN   | 正在等待首个 batch | scope=4/5 | 首次可能因数据预处理、DataLoader worker 启动和 torch.compile 预热而偏慢。
2026-04-12 11:39:24 | INFO | TRAIN   | 首个 batch 已就绪 | phase=train | epoch=4 | wait_seconds=2.05
2026-04-12 11:42:55 | INFO | TRAIN   | Phase finished | scope=4/5 | loss=0.5608 | final_mae=9.5856 | final_mad=7.5664 | relative_mae=9.5856 | relative_mad=7.5664 | phase_time=230.42s | data_time=107.28s | transfer_time=0.16s | compute_time=122.96s | samples_per_sec=23.83 | avg_batch_time=0.18s | min_batch_time=0.10s | max_batch_time=3.34s | gpu_peak_alloc=3747.8MB | gpu_peak_reserved=3950.0MB | optimizer_steps=344
2026-04-12 11:42:55 | INFO | EVAL    | Phase started | scope=4/5 | batches=90 | batch_size=8 | lr=0.0002 | device=cuda:0 | amp=True | grad_accum=1 | channels_last=True
2026-04-12 11:42:55 | INFO | EVAL    | 正在等待首个 batch | scope=4/5 | 首次可能因数据预处理、DataLoader worker 启动和 torch.compile 预热而偏慢。
2026-04-12 11:42:56 | INFO | EVAL    | 首个 batch 已就绪 | phase=eval | epoch=4 | wait_seconds=1.29
2026-04-12 11:43:20 | INFO | EVAL    | Phase finished | scope=4/5 | loss=0.5879 | final_mae=9.9512 | final_mad=7.9844 | relative_mae=9.9512 | relative_mad=7.9844 | phase_time=27.52s | data_time=22.43s | transfer_time=0.02s | compute_time=5.06s | samples_per_sec=25.91 | avg_batch_time=0.06s | min_batch_time=0.03s | max_batch_time=0.06s | gpu_peak_alloc=682.5MB | gpu_peak_reserved=3950.0MB | optimizer_steps=0
2026-04-12 11:43:20 | INFO | SYSTEM  | Learning rate updated | epoch=4/5 | scheduler=cosine | from=0.0002 | to=5e-06
2026-04-12 11:43:21 | INFO | SYSTEM  | Checkpoint saved | kind=last | epoch=4/5 | path=outputs/quality-5_train_20260412_112620/model/last_checkpoint.pt
2026-04-12 11:43:21 | INFO | SYSTEM  | Epoch 4/5 finished | train_time=230.42s | eval_time=27.52s | epoch_total_time=258.68s | train_data_time=107.28s | eval_data_time=22.43s | train_transfer_time=0.16s | eval_transfer_time=0.02s | train_compute_time=122.96s | eval_compute_time=5.06s | train_samples_per_sec=23.83 | eval_samples_per_sec=25.91 | train_gpu_peak_alloc=3747.8MB | eval_gpu_peak_alloc=682.5MB | train_gpu_peak_reserved=3950.0MB | eval_gpu_peak_reserved=3950.0MB | train_avg_batch_time=0.18s | eval_avg_batch_time=0.06s | train_fastest_batch=0.10s | train_slowest_batch=3.34s | eval_fastest_batch=0.03s | eval_slowest_batch=0.06s
2026-04-12 11:43:21 | INFO | SYSTEM  | Epoch 4/5 metrics | train_loss=0.5608 | val_loss=0.5879 | train_final_mae=9.5856 | val_final_mae=9.9512 | train_relative_mae=9.5856 | val_relative_mae=9.9512 | train_final_mad=7.5664 | val_final_mad=7.9844 | lr_start=0.0002 | lr_end=5e-06 | epoch_time=00:04:18 | total_elapsed=00:18:19 | best_updated=False
2026-04-12 11:43:21 | INFO | SYSTEM  | ============================================================================================================
2026-04-12 11:43:21 | INFO | SYSTEM  | Epoch 5/5 started
2026-04-12 11:43:21 | INFO | SYSTEM  | Hyperparams | lr=5e-06 | train_batch_size=8 | effective_train_batch_size=16 | val_batch_size=8 | test_batch_size=8 | optimizer=adamw | scheduler=cosine | weight_decay=0.0007 | loss=smoothl1(beta=0.4) | device=cuda:0 | amp=True | grad_accum=2 | grad_clip=1.0
2026-04-12 11:43:21 | INFO | TRAIN   | Phase started | scope=5/5 | batches=687 | batch_size=8 | lr=5e-06 | device=cuda:0 | amp=True | grad_accum=2 | channels_last=True
2026-04-12 11:43:21 | INFO | TRAIN   | 正在等待首个 batch | scope=5/5 | 首次可能因数据预处理、DataLoader worker 启动和 torch.compile 预热而偏慢。
2026-04-12 11:43:23 | INFO | TRAIN   | 首个 batch 已就绪 | phase=train | epoch=5 | wait_seconds=2.15
2026-04-12 11:46:53 | INFO | TRAIN   | Phase finished | scope=5/5 | loss=0.5552 | final_mae=9.5014 | final_mad=7.4434 | relative_mae=9.5014 | relative_mad=7.4434 | phase_time=229.81s | data_time=109.78s | transfer_time=0.16s | compute_time=119.85s | samples_per_sec=23.89 | avg_batch_time=0.17s | min_batch_time=0.09s | max_batch_time=0.51s | gpu_peak_alloc=3747.8MB | gpu_peak_reserved=3950.0MB | optimizer_steps=344
2026-04-12 11:46:53 | INFO | EVAL    | Phase started | scope=5/5 | batches=90 | batch_size=8 | lr=5e-06 | device=cuda:0 | amp=True | grad_accum=1 | channels_last=True
2026-04-12 11:46:53 | INFO | EVAL    | 正在等待首个 batch | scope=5/5 | 首次可能因数据预处理、DataLoader worker 启动和 torch.compile 预热而偏慢。
2026-04-12 11:46:54 | INFO | EVAL    | 首个 batch 已就绪 | phase=eval | epoch=5 | wait_seconds=1.23
2026-04-12 11:47:18 | INFO | EVAL    | Phase finished | scope=5/5 | loss=0.5869 | final_mae=9.9363 | final_mad=7.9050 | relative_mae=9.9363 | relative_mad=7.9050 | phase_time=27.10s | data_time=22.04s | transfer_time=0.02s | compute_time=5.04s | samples_per_sec=26.31 | avg_batch_time=0.06s | min_batch_time=0.02s | max_batch_time=0.06s | gpu_peak_alloc=682.5MB | gpu_peak_reserved=3950.0MB | optimizer_steps=0
2026-04-12 11:47:18 | INFO | SYSTEM  | Learning rate updated | epoch=5/5 | scheduler=cosine | from=5e-06 | to=0.0002
2026-04-12 11:47:19 | INFO | SYSTEM  | Checkpoint saved | kind=last | epoch=5/5 | path=outputs/quality-5_train_20260412_112620/model/last_checkpoint.pt
2026-04-12 11:47:19 | INFO | SYSTEM  | Epoch 5/5 finished | train_time=229.81s | eval_time=27.10s | epoch_total_time=257.68s | train_data_time=109.78s | eval_data_time=22.04s | train_transfer_time=0.16s | eval_transfer_time=0.02s | train_compute_time=119.85s | eval_compute_time=5.04s | train_samples_per_sec=23.89 | eval_samples_per_sec=26.31 | train_gpu_peak_alloc=3747.8MB | eval_gpu_peak_alloc=682.5MB | train_gpu_peak_reserved=3950.0MB | eval_gpu_peak_reserved=3950.0MB | train_avg_batch_time=0.17s | eval_avg_batch_time=0.06s | train_fastest_batch=0.09s | train_slowest_batch=0.51s | eval_fastest_batch=0.02s | eval_slowest_batch=0.06s
2026-04-12 11:47:19 | INFO | SYSTEM  | Epoch 5/5 metrics | train_loss=0.5552 | val_loss=0.5869 | train_final_mae=9.5014 | val_final_mae=9.9363 | train_relative_mae=9.5014 | val_relative_mae=9.9363 | train_final_mad=7.4434 | val_final_mad=7.9050 | lr_start=5e-06 | lr_end=0.0002 | epoch_time=00:04:17 | total_elapsed=00:22:37 | best_updated=False
2026-04-12 11:47:20 | INFO | SYSTEM  | 开始加载最佳 checkpoint 并执行最终验证。
2026-04-12 11:47:20 | INFO | EVAL    | Phase started | scope=best-val | batches=90 | batch_size=8 | lr=0.0002 | device=cuda:0 | amp=True | grad_accum=1 | channels_last=True
2026-04-12 11:47:20 | INFO | EVAL    | 正在等待首个 batch | scope=best-val | 首次可能因数据预处理、DataLoader worker 启动和 torch.compile 预热而偏慢。
2026-04-12 11:47:21 | INFO | EVAL    | 首个 batch 已就绪 | phase=eval | epoch=None | wait_seconds=1.20
2026-04-12 11:47:47 | INFO | EVAL    | Phase finished | scope=best-val | loss=0.5860 | final_mae=9.9313 | final_mad=7.7969 | relative_mae=9.9313 | relative_mad=7.7969 | phase_time=26.70s | data_time=21.36s | transfer_time=0.02s | compute_time=5.32s | samples_per_sec=26.71 | avg_batch_time=0.06s | min_batch_time=0.02s | max_batch_time=0.28s | gpu_peak_alloc=682.5MB | gpu_peak_reserved=3950.0MB | optimizer_steps=0
2026-04-12 11:47:47 | INFO | SYSTEM  | 开始执行 test 集评估。
2026-04-12 11:47:47 | INFO | EVAL    | Phase started | scope=test | batches=10 | batch_size=8 | lr=0.0002 | device=cuda:0 | amp=True | grad_accum=1 | channels_last=True
2026-04-12 11:47:47 | INFO | EVAL    | 正在等待首个 batch | scope=test | 首次可能因数据预处理、DataLoader worker 启动和 torch.compile 预热而偏慢。
2026-04-12 11:47:46 | INFO | EVAL    | 首个 batch 已就绪 | phase=eval | epoch=None | wait_seconds=1.55
2026-04-12 11:47:55 | INFO | EVAL    | Phase finished | scope=test | loss=n/a | final_mae=n/a | final_mad=n/a | relative_mae=n/a | relative_mad=n/a | phase_time=10.52s | data_time=3.38s | transfer_time=0.00s | compute_time=7.13s | samples_per_sec=7.51 | avg_batch_time=0.71s | min_batch_time=0.08s | max_batch_time=6.33s | gpu_peak_alloc=1121.8MB | gpu_peak_reserved=3950.0MB | optimizer_steps=0
2026-04-12 11:47:55 | INFO | SYSTEM  | 开始生成训练报告文件。
2026-04-12 11:47:57 | INFO | SYSTEM  | 训练报告生成完成。
2026-04-12 11:47:57 | INFO | SYSTEM  | 训练任务完成 | total_elapsed=00:23:18 | run_dir=outputs/quality-5_train_20260412_112620 | best_checkpoint=outputs/quality-5_train_20260412_112620/model/best_model.pt | last_checkpoint=outputs/quality-5_train_20260412_112620/model/last_checkpoint.pt
